[0.149s] Invoking command in '/RoverFlake2/build/serial': /usr/bin/cmake /RoverFlake2/src/external_pkgs/serial -DCATKIN_INSTALL_INTO_PREFIX_ROOT=0 -DCMAKE_INSTALL_PREFIX=/RoverFlake2/install/serial
[0.189s] -- The C compiler identification is GNU 11.4.0
[0.227s] -- The CXX compiler identification is GNU 11.4.0
[0.232s] -- Detecting C compiler ABI info
[0.280s] -- Detecting C compiler ABI info - done
[0.284s] -- Check for working C compiler: /usr/bin/cc - skipped
[0.284s] -- Detecting C compile features
[0.284s] -- Detecting C compile features - done
[0.286s] -- Detecting CXX compiler ABI info
[0.353s] -- Detecting CXX compiler ABI info - done
[0.357s] -- Check for working CXX compiler: /usr/bin/c++ - skipped
[0.357s] -- Detecting CXX compile features
[0.358s] -- Detecting CXX compile features - done
[0.360s] -- Found ament_cmake: 1.3.12 (/opt/ros/humble/share/ament_cmake/cmake)
[0.466s] -- Found Python3: /usr/bin/python3 (found version "3.10.12") found components: Interpreter 
[0.578s] -- Configuring done
[0.582s] -- Generating done
[0.582s] [33mCMake Warning:
[0.582s]   Manually-specified variables were not used by the project:
[0.582s] 
[0.582s]     CATKIN_INSTALL_INTO_PREFIX_ROOT
[0.583s] 
[0.583s] [0m
[0.584s] -- Build files have been written to: /RoverFlake2/build/serial
[0.589s] Invoked command in '/RoverFlake2/build/serial' returned '0': /usr/bin/cmake /RoverFlake2/src/external_pkgs/serial -DCATKIN_INSTALL_INTO_PREFIX_ROOT=0 -DCMAKE_INSTALL_PREFIX=/RoverFlake2/install/serial
[0.590s] Invoking command in '/RoverFlake2/build/serial': /usr/bin/cmake --build /RoverFlake2/build/serial -- -j16 -l16
[0.633s] [ 50%] [32mBuilding CXX object CMakeFiles/serial.dir/src/impl/list_ports/list_ports_linux.cc.o[0m
[0.633s] [ 50%] [32mBuilding CXX object CMakeFiles/serial.dir/src/impl/unix.cc.o[0m
[0.633s] [ 50%] [32mBuilding CXX object CMakeFiles/serial.dir/src/serial.cc.o[0m
[1.000s] [ 66%] [32m[1mLinking CXX static library libserial.a[0m
[1.031s] [ 66%] Built target serial
[1.051s] [ 83%] [32mBuilding CXX object CMakeFiles/serial_example.dir/examples/serial_example.cc.o[0m
[1.278s] [100%] [32m[1mLinking CXX executable serial_example[0m
[1.352s] [100%] Built target serial_example
[1.362s] Invoked command in '/RoverFlake2/build/serial' returned '0': /usr/bin/cmake --build /RoverFlake2/build/serial -- -j16 -l16
[1.370s] Invoking command in '/RoverFlake2/build/serial': /usr/bin/cmake --install /RoverFlake2/build/serial
[1.376s] -- Install configuration: ""
[1.377s] -- Installing: /RoverFlake2/install/serial/lib/libserial.a
[1.377s] -- Installing: /RoverFlake2/install/serial/include/
[1.377s] -- Installing: /RoverFlake2/install/serial/include//serial
[1.377s] -- Installing: /RoverFlake2/install/serial/include//serial/impl
[1.377s] -- Installing: /RoverFlake2/install/serial/include//serial/impl/win.h
[1.377s] -- Installing: /RoverFlake2/install/serial/include//serial/impl/unix.h
[1.377s] -- Installing: /RoverFlake2/install/serial/include//serial/serial.h
[1.378s] -- Installing: /RoverFlake2/install/serial/include//serial/v8stdint.h
[1.378s] -- Installing: /RoverFlake2/install/serial/share/serial/environment/library_path.sh
[1.378s] -- Installing: /RoverFlake2/install/serial/share/serial/environment/library_path.dsv
[1.378s] -- Installing: /RoverFlake2/install/serial/share/ament_index/resource_index/package_run_dependencies/serial
[1.378s] -- Installing: /RoverFlake2/install/serial/share/ament_index/resource_index/parent_prefix_path/serial
[1.378s] -- Installing: /RoverFlake2/install/serial/share/serial/environment/ament_prefix_path.sh
[1.378s] -- Installing: /RoverFlake2/install/serial/share/serial/environment/ament_prefix_path.dsv
[1.378s] -- Installing: /RoverFlake2/install/serial/share/serial/environment/path.sh
[1.379s] -- Installing: /RoverFlake2/install/serial/share/serial/environment/path.dsv
[1.379s] -- Installing: /RoverFlake2/install/serial/share/serial/local_setup.bash
[1.379s] -- Installing: /RoverFlake2/install/serial/share/serial/local_setup.sh
[1.379s] -- Installing: /RoverFlake2/install/serial/share/serial/local_setup.zsh
[1.379s] -- Installing: /RoverFlake2/install/serial/share/serial/local_setup.dsv
[1.379s] -- Installing: /RoverFlake2/install/serial/share/serial/package.dsv
[1.379s] -- Installing: /RoverFlake2/install/serial/share/ament_index/resource_index/packages/serial
[1.379s] -- Installing: /RoverFlake2/install/serial/share/serial/cmake/ament_cmake_export_include_directories-extras.cmake
[1.379s] -- Installing: /RoverFlake2/install/serial/share/serial/cmake/ament_cmake_export_libraries-extras.cmake
[1.379s] -- Installing: /RoverFlake2/install/serial/share/serial/cmake/serialConfig.cmake
[1.379s] -- Installing: /RoverFlake2/install/serial/share/serial/cmake/serialConfig-version.cmake
[1.380s] -- Installing: /RoverFlake2/install/serial/share/serial/package.xml
[1.381s] Invoked command in '/RoverFlake2/build/serial' returned '0': /usr/bin/cmake --install /RoverFlake2/build/serial
