[0.072s] DEBUG:colcon:Command line arguments: ['/usr/bin/colcon', 'build']
[0.072s] DEBUG:colcon:Parsed command line arguments: Namespace(log_base=None, log_level=None, verb_name='build', build_base='build', install_base='install', merge_install=False, symlink_install=False, test_result_base=None, continue_on_error=False, executor='parallel', parallel_workers=16, event_handlers=None, ignore_user_meta=False, metas=['./colcon.meta'], base_paths=['.'], packages_ignore=None, packages_ignore_regex=None, paths=None, packages_up_to=None, packages_up_to_regex=None, packages_above=None, packages_above_and_dependencies=None, packages_above_depth=None, packages_select_by_dep=None, packages_skip_by_dep=None, packages_skip_up_to=None, packages_select_build_failed=False, packages_skip_build_finished=False, packages_select_test_failures=False, packages_skip_test_passed=False, packages_select=None, packages_skip=None, packages_select_regex=None, packages_skip_regex=None, packages_start=None, packages_end=None, cmake_args=None, cmake_target=None, cmake_target_skip_unavailable=False, cmake_clean_cache=False, cmake_clean_first=False, cmake_force_configure=False, ament_cmake_args=None, catkin_cmake_args=None, catkin_skip_building_tests=False, mixin_files=None, mixin=None, verb_parser=<colcon_mixin.mixin.mixin_argument.MixinArgumentDecorator object at 0x7f6f73d9b490>, verb_extension=<colcon_core.verb.build.BuildVerb object at 0x7f6f73d9af50>, main=<bound method BuildVerb.main of <colcon_core.verb.build.BuildVerb object at 0x7f6f73d9af50>>, mixin_verb=('build',))
[0.148s] Level 1:colcon.colcon_core.package_discovery:discover_packages(colcon_meta) check parameters
[0.149s] INFO:colcon.colcon_metadata.package_discovery.colcon_meta:Using configuration from '/root/.colcon/metadata/default/Gazebo.meta'
[0.149s] INFO:colcon.colcon_metadata.package_discovery.colcon_meta:Using configuration from '/root/.colcon/metadata/default/fastdds.meta'
[0.150s] INFO:colcon.colcon_metadata.package_discovery.colcon_meta:Using configuration from '/root/.colcon/metadata/default/fastrtps.meta'
[0.150s] Level 1:colcon.colcon_core.package_discovery:discover_packages(recursive) check parameters
[0.150s] Level 1:colcon.colcon_core.package_discovery:discover_packages(ignore) check parameters
[0.150s] Level 1:colcon.colcon_core.package_discovery:discover_packages(path) check parameters
[0.150s] Level 1:colcon.colcon_core.package_discovery:discover_packages(colcon_meta) discover
[0.150s] Level 1:colcon.colcon_core.package_discovery:discover_packages(recursive) discover
[0.150s] INFO:colcon.colcon_core.package_discovery:Crawling recursively for packages in '/RoverFlake2'
[0.150s] Level 1:colcon.colcon_core.package_identification:_identify(.) by extensions ['ignore', 'ignore_ament_install']
[0.150s] Level 1:colcon.colcon_core.package_identification:_identify(.) by extension 'ignore'
[0.150s] Level 1:colcon.colcon_core.package_identification:_identify(.) by extension 'ignore_ament_install'
[0.150s] Level 1:colcon.colcon_core.package_identification:_identify(.) by extensions ['colcon_pkg']
[0.150s] Level 1:colcon.colcon_core.package_identification:_identify(.) by extension 'colcon_pkg'
[0.150s] Level 1:colcon.colcon_core.package_identification:_identify(.) by extensions ['colcon_meta']
[0.150s] Level 1:colcon.colcon_core.package_identification:_identify(.) by extension 'colcon_meta'
[0.150s] Level 1:colcon.colcon_core.package_identification:_identify(.) by extensions ['ros']
[0.150s] Level 1:colcon.colcon_core.package_identification:_identify(.) by extension 'ros'
[0.157s] Level 1:colcon.colcon_core.package_identification:_identify(.) by extensions ['cmake', 'python']
[0.157s] Level 1:colcon.colcon_core.package_identification:_identify(.) by extension 'cmake'
[0.157s] Level 1:colcon.colcon_core.package_identification:_identify(.) by extension 'python'
[0.157s] Level 1:colcon.colcon_core.package_identification:_identify(.) by extensions ['python_setup_py']
[0.157s] Level 1:colcon.colcon_core.package_identification:_identify(.) by extension 'python_setup_py'
[0.157s] Level 1:colcon.colcon_core.package_identification:_identify(build) by extensions ['ignore', 'ignore_ament_install']
[0.157s] Level 1:colcon.colcon_core.package_identification:_identify(build) by extension 'ignore'
[0.157s] Level 1:colcon.colcon_core.package_identification:_identify(build) ignored
[0.157s] Level 1:colcon.colcon_core.package_identification:_identify(docker) by extensions ['ignore', 'ignore_ament_install']
[0.157s] Level 1:colcon.colcon_core.package_identification:_identify(docker) by extension 'ignore'
[0.157s] Level 1:colcon.colcon_core.package_identification:_identify(docker) by extension 'ignore_ament_install'
[0.157s] Level 1:colcon.colcon_core.package_identification:_identify(docker) by extensions ['colcon_pkg']
[0.157s] Level 1:colcon.colcon_core.package_identification:_identify(docker) by extension 'colcon_pkg'
[0.158s] Level 1:colcon.colcon_core.package_identification:_identify(docker) by extensions ['colcon_meta']
[0.158s] Level 1:colcon.colcon_core.package_identification:_identify(docker) by extension 'colcon_meta'
[0.158s] Level 1:colcon.colcon_core.package_identification:_identify(docker) by extensions ['ros']
[0.158s] Level 1:colcon.colcon_core.package_identification:_identify(docker) by extension 'ros'
[0.158s] Level 1:colcon.colcon_core.package_identification:_identify(docker) by extensions ['cmake', 'python']
[0.158s] Level 1:colcon.colcon_core.package_identification:_identify(docker) by extension 'cmake'
[0.158s] Level 1:colcon.colcon_core.package_identification:_identify(docker) by extension 'python'
[0.158s] Level 1:colcon.colcon_core.package_identification:_identify(docker) by extensions ['python_setup_py']
[0.158s] Level 1:colcon.colcon_core.package_identification:_identify(docker) by extension 'python_setup_py'
[0.158s] Level 1:colcon.colcon_core.package_identification:_identify(install) by extensions ['ignore', 'ignore_ament_install']
[0.158s] Level 1:colcon.colcon_core.package_identification:_identify(install) by extension 'ignore'
[0.158s] Level 1:colcon.colcon_core.package_identification:_identify(install) ignored
[0.158s] Level 1:colcon.colcon_core.package_identification:_identify(log) by extensions ['ignore', 'ignore_ament_install']
[0.158s] Level 1:colcon.colcon_core.package_identification:_identify(log) by extension 'ignore'
[0.158s] Level 1:colcon.colcon_core.package_identification:_identify(log) ignored
[0.158s] Level 1:colcon.colcon_core.package_identification:_identify(setup_scripts) by extensions ['ignore', 'ignore_ament_install']
[0.158s] Level 1:colcon.colcon_core.package_identification:_identify(setup_scripts) by extension 'ignore'
[0.158s] Level 1:colcon.colcon_core.package_identification:_identify(setup_scripts) by extension 'ignore_ament_install'
[0.158s] Level 1:colcon.colcon_core.package_identification:_identify(setup_scripts) by extensions ['colcon_pkg']
[0.158s] Level 1:colcon.colcon_core.package_identification:_identify(setup_scripts) by extension 'colcon_pkg'
[0.158s] Level 1:colcon.colcon_core.package_identification:_identify(setup_scripts) by extensions ['colcon_meta']
[0.158s] Level 1:colcon.colcon_core.package_identification:_identify(setup_scripts) by extension 'colcon_meta'
[0.158s] Level 1:colcon.colcon_core.package_identification:_identify(setup_scripts) by extensions ['ros']
[0.158s] Level 1:colcon.colcon_core.package_identification:_identify(setup_scripts) by extension 'ros'
[0.158s] Level 1:colcon.colcon_core.package_identification:_identify(setup_scripts) by extensions ['cmake', 'python']
[0.158s] Level 1:colcon.colcon_core.package_identification:_identify(setup_scripts) by extension 'cmake'
[0.158s] Level 1:colcon.colcon_core.package_identification:_identify(setup_scripts) by extension 'python'
[0.158s] Level 1:colcon.colcon_core.package_identification:_identify(setup_scripts) by extensions ['python_setup_py']
[0.158s] Level 1:colcon.colcon_core.package_identification:_identify(setup_scripts) by extension 'python_setup_py'
[0.158s] Level 1:colcon.colcon_core.package_identification:_identify(setup_scripts/for_sims) by extensions ['ignore', 'ignore_ament_install']
[0.158s] Level 1:colcon.colcon_core.package_identification:_identify(setup_scripts/for_sims) by extension 'ignore'
[0.158s] Level 1:colcon.colcon_core.package_identification:_identify(setup_scripts/for_sims) by extension 'ignore_ament_install'
[0.158s] Level 1:colcon.colcon_core.package_identification:_identify(setup_scripts/for_sims) by extensions ['colcon_pkg']
[0.158s] Level 1:colcon.colcon_core.package_identification:_identify(setup_scripts/for_sims) by extension 'colcon_pkg'
[0.158s] Level 1:colcon.colcon_core.package_identification:_identify(setup_scripts/for_sims) by extensions ['colcon_meta']
[0.158s] Level 1:colcon.colcon_core.package_identification:_identify(setup_scripts/for_sims) by extension 'colcon_meta'
[0.158s] Level 1:colcon.colcon_core.package_identification:_identify(setup_scripts/for_sims) by extensions ['ros']
[0.158s] Level 1:colcon.colcon_core.package_identification:_identify(setup_scripts/for_sims) by extension 'ros'
[0.158s] Level 1:colcon.colcon_core.package_identification:_identify(setup_scripts/for_sims) by extensions ['cmake', 'python']
[0.158s] Level 1:colcon.colcon_core.package_identification:_identify(setup_scripts/for_sims) by extension 'cmake'
[0.158s] Level 1:colcon.colcon_core.package_identification:_identify(setup_scripts/for_sims) by extension 'python'
[0.158s] Level 1:colcon.colcon_core.package_identification:_identify(setup_scripts/for_sims) by extensions ['python_setup_py']
[0.158s] Level 1:colcon.colcon_core.package_identification:_identify(setup_scripts/for_sims) by extension 'python_setup_py'
[0.159s] Level 1:colcon.colcon_core.package_identification:_identify(setup_scripts/rover_env) by extensions ['ignore', 'ignore_ament_install']
[0.159s] Level 1:colcon.colcon_core.package_identification:_identify(setup_scripts/rover_env) by extension 'ignore'
[0.159s] Level 1:colcon.colcon_core.package_identification:_identify(setup_scripts/rover_env) by extension 'ignore_ament_install'
[0.159s] Level 1:colcon.colcon_core.package_identification:_identify(setup_scripts/rover_env) by extensions ['colcon_pkg']
[0.159s] Level 1:colcon.colcon_core.package_identification:_identify(setup_scripts/rover_env) by extension 'colcon_pkg'
[0.159s] Level 1:colcon.colcon_core.package_identification:_identify(setup_scripts/rover_env) by extensions ['colcon_meta']
[0.159s] Level 1:colcon.colcon_core.package_identification:_identify(setup_scripts/rover_env) by extension 'colcon_meta'
[0.159s] Level 1:colcon.colcon_core.package_identification:_identify(setup_scripts/rover_env) by extensions ['ros']
[0.159s] Level 1:colcon.colcon_core.package_identification:_identify(setup_scripts/rover_env) by extension 'ros'
[0.159s] Level 1:colcon.colcon_core.package_identification:_identify(setup_scripts/rover_env) by extensions ['cmake', 'python']
[0.159s] Level 1:colcon.colcon_core.package_identification:_identify(setup_scripts/rover_env) by extension 'cmake'
[0.159s] Level 1:colcon.colcon_core.package_identification:_identify(setup_scripts/rover_env) by extension 'python'
[0.159s] Level 1:colcon.colcon_core.package_identification:_identify(setup_scripts/rover_env) by extensions ['python_setup_py']
[0.159s] Level 1:colcon.colcon_core.package_identification:_identify(setup_scripts/rover_env) by extension 'python_setup_py'
[0.159s] Level 1:colcon.colcon_core.package_identification:_identify(setup_scripts/utils) by extensions ['ignore', 'ignore_ament_install']
[0.159s] Level 1:colcon.colcon_core.package_identification:_identify(setup_scripts/utils) by extension 'ignore'
[0.159s] Level 1:colcon.colcon_core.package_identification:_identify(setup_scripts/utils) by extension 'ignore_ament_install'
[0.159s] Level 1:colcon.colcon_core.package_identification:_identify(setup_scripts/utils) by extensions ['colcon_pkg']
[0.159s] Level 1:colcon.colcon_core.package_identification:_identify(setup_scripts/utils) by extension 'colcon_pkg'
[0.159s] Level 1:colcon.colcon_core.package_identification:_identify(setup_scripts/utils) by extensions ['colcon_meta']
[0.159s] Level 1:colcon.colcon_core.package_identification:_identify(setup_scripts/utils) by extension 'colcon_meta'
[0.159s] Level 1:colcon.colcon_core.package_identification:_identify(setup_scripts/utils) by extensions ['ros']
[0.159s] Level 1:colcon.colcon_core.package_identification:_identify(setup_scripts/utils) by extension 'ros'
[0.159s] Level 1:colcon.colcon_core.package_identification:_identify(setup_scripts/utils) by extensions ['cmake', 'python']
[0.159s] Level 1:colcon.colcon_core.package_identification:_identify(setup_scripts/utils) by extension 'cmake'
[0.159s] Level 1:colcon.colcon_core.package_identification:_identify(setup_scripts/utils) by extension 'python'
[0.159s] Level 1:colcon.colcon_core.package_identification:_identify(setup_scripts/utils) by extensions ['python_setup_py']
[0.159s] Level 1:colcon.colcon_core.package_identification:_identify(setup_scripts/utils) by extension 'python_setup_py'
[0.159s] Level 1:colcon.colcon_core.package_identification:_identify(src) by extensions ['ignore', 'ignore_ament_install']
[0.159s] Level 1:colcon.colcon_core.package_identification:_identify(src) by extension 'ignore'
[0.159s] Level 1:colcon.colcon_core.package_identification:_identify(src) by extension 'ignore_ament_install'
[0.159s] Level 1:colcon.colcon_core.package_identification:_identify(src) by extensions ['colcon_pkg']
[0.159s] Level 1:colcon.colcon_core.package_identification:_identify(src) by extension 'colcon_pkg'
[0.159s] Level 1:colcon.colcon_core.package_identification:_identify(src) by extensions ['colcon_meta']
[0.159s] Level 1:colcon.colcon_core.package_identification:_identify(src) by extension 'colcon_meta'
[0.159s] Level 1:colcon.colcon_core.package_identification:_identify(src) by extensions ['ros']
[0.159s] Level 1:colcon.colcon_core.package_identification:_identify(src) by extension 'ros'
[0.159s] Level 1:colcon.colcon_core.package_identification:_identify(src) by extensions ['cmake', 'python']
[0.159s] Level 1:colcon.colcon_core.package_identification:_identify(src) by extension 'cmake'
[0.159s] Level 1:colcon.colcon_core.package_identification:_identify(src) by extension 'python'
[0.159s] Level 1:colcon.colcon_core.package_identification:_identify(src) by extensions ['python_setup_py']
[0.159s] Level 1:colcon.colcon_core.package_identification:_identify(src) by extension 'python_setup_py'
[0.159s] Level 1:colcon.colcon_core.package_identification:_identify(src/external_pkgs) by extensions ['ignore', 'ignore_ament_install']
[0.159s] Level 1:colcon.colcon_core.package_identification:_identify(src/external_pkgs) by extension 'ignore'
[0.159s] Level 1:colcon.colcon_core.package_identification:_identify(src/external_pkgs) by extension 'ignore_ament_install'
[0.159s] Level 1:colcon.colcon_core.package_identification:_identify(src/external_pkgs) by extensions ['colcon_pkg']
[0.159s] Level 1:colcon.colcon_core.package_identification:_identify(src/external_pkgs) by extension 'colcon_pkg'
[0.160s] Level 1:colcon.colcon_core.package_identification:_identify(src/external_pkgs) by extensions ['colcon_meta']
[0.160s] Level 1:colcon.colcon_core.package_identification:_identify(src/external_pkgs) by extension 'colcon_meta'
[0.160s] Level 1:colcon.colcon_core.package_identification:_identify(src/external_pkgs) by extensions ['ros']
[0.160s] Level 1:colcon.colcon_core.package_identification:_identify(src/external_pkgs) by extension 'ros'
[0.160s] Level 1:colcon.colcon_core.package_identification:_identify(src/external_pkgs) by extensions ['cmake', 'python']
[0.160s] Level 1:colcon.colcon_core.package_identification:_identify(src/external_pkgs) by extension 'cmake'
[0.160s] Level 1:colcon.colcon_core.package_identification:_identify(src/external_pkgs) by extension 'python'
[0.160s] Level 1:colcon.colcon_core.package_identification:_identify(src/external_pkgs) by extensions ['python_setup_py']
[0.160s] Level 1:colcon.colcon_core.package_identification:_identify(src/external_pkgs) by extension 'python_setup_py'
[0.160s] Level 1:colcon.colcon_core.package_identification:_identify(src/external_pkgs/moteus_ros2) by extensions ['ignore', 'ignore_ament_install']
[0.160s] Level 1:colcon.colcon_core.package_identification:_identify(src/external_pkgs/moteus_ros2) by extension 'ignore'
[0.160s] Level 1:colcon.colcon_core.package_identification:_identify(src/external_pkgs/moteus_ros2) by extension 'ignore_ament_install'
[0.160s] Level 1:colcon.colcon_core.package_identification:_identify(src/external_pkgs/moteus_ros2) by extensions ['colcon_pkg']
[0.160s] Level 1:colcon.colcon_core.package_identification:_identify(src/external_pkgs/moteus_ros2) by extension 'colcon_pkg'
[0.160s] Level 1:colcon.colcon_core.package_identification:_identify(src/external_pkgs/moteus_ros2) by extensions ['colcon_meta']
[0.160s] Level 1:colcon.colcon_core.package_identification:_identify(src/external_pkgs/moteus_ros2) by extension 'colcon_meta'
[0.160s] Level 1:colcon.colcon_core.package_identification:_identify(src/external_pkgs/moteus_ros2) by extensions ['ros']
[0.160s] Level 1:colcon.colcon_core.package_identification:_identify(src/external_pkgs/moteus_ros2) by extension 'ros'
[0.160s] Level 1:colcon.colcon_core.package_identification:_identify(src/external_pkgs/moteus_ros2) by extensions ['cmake', 'python']
[0.160s] Level 1:colcon.colcon_core.package_identification:_identify(src/external_pkgs/moteus_ros2) by extension 'cmake'
[0.160s] Level 1:colcon.colcon_core.package_identification:_identify(src/external_pkgs/moteus_ros2) by extension 'python'
[0.160s] Level 1:colcon.colcon_core.package_identification:_identify(src/external_pkgs/moteus_ros2) by extensions ['python_setup_py']
[0.160s] Level 1:colcon.colcon_core.package_identification:_identify(src/external_pkgs/moteus_ros2) by extension 'python_setup_py'
[0.160s] Level 1:colcon.colcon_core.package_identification:_identify(src/external_pkgs/moteus_ros2/src) by extensions ['ignore', 'ignore_ament_install']
[0.160s] Level 1:colcon.colcon_core.package_identification:_identify(src/external_pkgs/moteus_ros2/src) by extension 'ignore'
[0.160s] Level 1:colcon.colcon_core.package_identification:_identify(src/external_pkgs/moteus_ros2/src) by extension 'ignore_ament_install'
[0.160s] Level 1:colcon.colcon_core.package_identification:_identify(src/external_pkgs/moteus_ros2/src) by extensions ['colcon_pkg']
[0.160s] Level 1:colcon.colcon_core.package_identification:_identify(src/external_pkgs/moteus_ros2/src) by extension 'colcon_pkg'
[0.160s] Level 1:colcon.colcon_core.package_identification:_identify(src/external_pkgs/moteus_ros2/src) by extensions ['colcon_meta']
[0.160s] Level 1:colcon.colcon_core.package_identification:_identify(src/external_pkgs/moteus_ros2/src) by extension 'colcon_meta'
[0.160s] Level 1:colcon.colcon_core.package_identification:_identify(src/external_pkgs/moteus_ros2/src) by extensions ['ros']
[0.160s] Level 1:colcon.colcon_core.package_identification:_identify(src/external_pkgs/moteus_ros2/src) by extension 'ros'
[0.160s] Level 1:colcon.colcon_core.package_identification:_identify(src/external_pkgs/moteus_ros2/src) by extensions ['cmake', 'python']
[0.160s] Level 1:colcon.colcon_core.package_identification:_identify(src/external_pkgs/moteus_ros2/src) by extension 'cmake'
[0.160s] Level 1:colcon.colcon_core.package_identification:_identify(src/external_pkgs/moteus_ros2/src) by extension 'python'
[0.160s] Level 1:colcon.colcon_core.package_identification:_identify(src/external_pkgs/moteus_ros2/src) by extensions ['python_setup_py']
[0.160s] Level 1:colcon.colcon_core.package_identification:_identify(src/external_pkgs/moteus_ros2/src) by extension 'python_setup_py'
[0.160s] Level 1:colcon.colcon_core.package_identification:_identify(src/external_pkgs/moteus_ros2/src/moteus_control) by extensions ['ignore', 'ignore_ament_install']
[0.160s] Level 1:colcon.colcon_core.package_identification:_identify(src/external_pkgs/moteus_ros2/src/moteus_control) by extension 'ignore'
[0.160s] Level 1:colcon.colcon_core.package_identification:_identify(src/external_pkgs/moteus_ros2/src/moteus_control) by extension 'ignore_ament_install'
[0.160s] Level 1:colcon.colcon_core.package_identification:_identify(src/external_pkgs/moteus_ros2/src/moteus_control) by extensions ['colcon_pkg']
[0.160s] Level 1:colcon.colcon_core.package_identification:_identify(src/external_pkgs/moteus_ros2/src/moteus_control) by extension 'colcon_pkg'
[0.160s] Level 1:colcon.colcon_core.package_identification:_identify(src/external_pkgs/moteus_ros2/src/moteus_control) by extensions ['colcon_meta']
[0.160s] Level 1:colcon.colcon_core.package_identification:_identify(src/external_pkgs/moteus_ros2/src/moteus_control) by extension 'colcon_meta'
[0.160s] Level 1:colcon.colcon_core.package_identification:_identify(src/external_pkgs/moteus_ros2/src/moteus_control) by extensions ['ros']
[0.160s] Level 1:colcon.colcon_core.package_identification:_identify(src/external_pkgs/moteus_ros2/src/moteus_control) by extension 'ros'
[0.162s] DEBUG:colcon.colcon_core.package_identification:Package 'src/external_pkgs/moteus_ros2/src/moteus_control' with type 'ros.ament_python' and name 'moteus_control'
[0.163s] Level 1:colcon.colcon_core.package_identification:_identify(src/external_pkgs/moteus_ros2/src/moteus_msgs) by extensions ['ignore', 'ignore_ament_install']
[0.163s] Level 1:colcon.colcon_core.package_identification:_identify(src/external_pkgs/moteus_ros2/src/moteus_msgs) by extension 'ignore'
[0.163s] Level 1:colcon.colcon_core.package_identification:_identify(src/external_pkgs/moteus_ros2/src/moteus_msgs) by extension 'ignore_ament_install'
[0.163s] Level 1:colcon.colcon_core.package_identification:_identify(src/external_pkgs/moteus_ros2/src/moteus_msgs) by extensions ['colcon_pkg']
[0.163s] Level 1:colcon.colcon_core.package_identification:_identify(src/external_pkgs/moteus_ros2/src/moteus_msgs) by extension 'colcon_pkg'
[0.163s] Level 1:colcon.colcon_core.package_identification:_identify(src/external_pkgs/moteus_ros2/src/moteus_msgs) by extensions ['colcon_meta']
[0.163s] Level 1:colcon.colcon_core.package_identification:_identify(src/external_pkgs/moteus_ros2/src/moteus_msgs) by extension 'colcon_meta'
[0.163s] Level 1:colcon.colcon_core.package_identification:_identify(src/external_pkgs/moteus_ros2/src/moteus_msgs) by extensions ['ros']
[0.163s] Level 1:colcon.colcon_core.package_identification:_identify(src/external_pkgs/moteus_ros2/src/moteus_msgs) by extension 'ros'
[0.163s] DEBUG:colcon.colcon_core.package_identification:Package 'src/external_pkgs/moteus_ros2/src/moteus_msgs' with type 'ros.ament_cmake' and name 'moteus_msgs'
[0.163s] Level 1:colcon.colcon_core.package_identification:_identify(src/external_pkgs/serial) by extensions ['ignore', 'ignore_ament_install']
[0.163s] Level 1:colcon.colcon_core.package_identification:_identify(src/external_pkgs/serial) by extension 'ignore'
[0.163s] Level 1:colcon.colcon_core.package_identification:_identify(src/external_pkgs/serial) by extension 'ignore_ament_install'
[0.163s] Level 1:colcon.colcon_core.package_identification:_identify(src/external_pkgs/serial) by extensions ['colcon_pkg']
[0.163s] Level 1:colcon.colcon_core.package_identification:_identify(src/external_pkgs/serial) by extension 'colcon_pkg'
[0.163s] Level 1:colcon.colcon_core.package_identification:_identify(src/external_pkgs/serial) by extensions ['colcon_meta']
[0.163s] Level 1:colcon.colcon_core.package_identification:_identify(src/external_pkgs/serial) by extension 'colcon_meta'
[0.163s] Level 1:colcon.colcon_core.package_identification:_identify(src/external_pkgs/serial) by extensions ['ros']
[0.163s] Level 1:colcon.colcon_core.package_identification:_identify(src/external_pkgs/serial) by extension 'ros'
[0.164s] DEBUG:colcon.colcon_core.package_identification:Package 'src/external_pkgs/serial' with type 'ros.catkin' and name 'serial'
[0.164s] Level 1:colcon.colcon_core.package_identification:_identify(src/rl_autonomy) by extensions ['ignore', 'ignore_ament_install']
[0.164s] Level 1:colcon.colcon_core.package_identification:_identify(src/rl_autonomy) by extension 'ignore'
[0.164s] Level 1:colcon.colcon_core.package_identification:_identify(src/rl_autonomy) by extension 'ignore_ament_install'
[0.164s] Level 1:colcon.colcon_core.package_identification:_identify(src/rl_autonomy) by extensions ['colcon_pkg']
[0.164s] Level 1:colcon.colcon_core.package_identification:_identify(src/rl_autonomy) by extension 'colcon_pkg'
[0.164s] Level 1:colcon.colcon_core.package_identification:_identify(src/rl_autonomy) by extensions ['colcon_meta']
[0.164s] Level 1:colcon.colcon_core.package_identification:_identify(src/rl_autonomy) by extension 'colcon_meta'
[0.164s] Level 1:colcon.colcon_core.package_identification:_identify(src/rl_autonomy) by extensions ['ros']
[0.164s] Level 1:colcon.colcon_core.package_identification:_identify(src/rl_autonomy) by extension 'ros'
[0.164s] Level 1:colcon.colcon_core.package_identification:_identify(src/rl_autonomy) by extensions ['cmake', 'python']
[0.164s] Level 1:colcon.colcon_core.package_identification:_identify(src/rl_autonomy) by extension 'cmake'
[0.164s] Level 1:colcon.colcon_core.package_identification:_identify(src/rl_autonomy) by extension 'python'
[0.164s] Level 1:colcon.colcon_core.package_identification:_identify(src/rl_autonomy) by extensions ['python_setup_py']
[0.164s] Level 1:colcon.colcon_core.package_identification:_identify(src/rl_autonomy) by extension 'python_setup_py'
[0.164s] Level 1:colcon.colcon_core.package_identification:_identify(src/rl_autonomy/RoboSuite) by extensions ['ignore', 'ignore_ament_install']
[0.164s] Level 1:colcon.colcon_core.package_identification:_identify(src/rl_autonomy/RoboSuite) by extension 'ignore'
[0.164s] Level 1:colcon.colcon_core.package_identification:_identify(src/rl_autonomy/RoboSuite) by extension 'ignore_ament_install'
[0.164s] Level 1:colcon.colcon_core.package_identification:_identify(src/rl_autonomy/RoboSuite) by extensions ['colcon_pkg']
[0.164s] Level 1:colcon.colcon_core.package_identification:_identify(src/rl_autonomy/RoboSuite) by extension 'colcon_pkg'
[0.164s] Level 1:colcon.colcon_core.package_identification:_identify(src/rl_autonomy/RoboSuite) by extensions ['colcon_meta']
[0.164s] Level 1:colcon.colcon_core.package_identification:_identify(src/rl_autonomy/RoboSuite) by extension 'colcon_meta'
[0.164s] Level 1:colcon.colcon_core.package_identification:_identify(src/rl_autonomy/RoboSuite) by extensions ['ros']
[0.165s] Level 1:colcon.colcon_core.package_identification:_identify(src/rl_autonomy/RoboSuite) by extension 'ros'
[0.165s] Level 1:colcon.colcon_core.package_identification:_identify(src/rl_autonomy/RoboSuite) by extensions ['cmake', 'python']
[0.165s] Level 1:colcon.colcon_core.package_identification:_identify(src/rl_autonomy/RoboSuite) by extension 'cmake'
[0.165s] Level 1:colcon.colcon_core.package_identification:_identify(src/rl_autonomy/RoboSuite) by extension 'python'
[0.165s] Level 1:colcon.colcon_core.package_identification:_identify(src/rl_autonomy/RoboSuite) by extensions ['python_setup_py']
[0.165s] Level 1:colcon.colcon_core.package_identification:_identify(src/rl_autonomy/RoboSuite) by extension 'python_setup_py'
[0.297s] DEBUG:colcon.colcon_core.package_identification:Package 'src/rl_autonomy/RoboSuite' with type 'python' and name 'robosuite'
[0.298s] Level 1:colcon.colcon_core.package_identification:_identify(src/rl_autonomy/template_build) by extensions ['ignore', 'ignore_ament_install']
[0.298s] Level 1:colcon.colcon_core.package_identification:_identify(src/rl_autonomy/template_build) by extension 'ignore'
[0.298s] Level 1:colcon.colcon_core.package_identification:_identify(src/rl_autonomy/template_build) by extension 'ignore_ament_install'
[0.298s] Level 1:colcon.colcon_core.package_identification:_identify(src/rl_autonomy/template_build) by extensions ['colcon_pkg']
[0.298s] Level 1:colcon.colcon_core.package_identification:_identify(src/rl_autonomy/template_build) by extension 'colcon_pkg'
[0.298s] Level 1:colcon.colcon_core.package_identification:_identify(src/rl_autonomy/template_build) by extensions ['colcon_meta']
[0.298s] Level 1:colcon.colcon_core.package_identification:_identify(src/rl_autonomy/template_build) by extension 'colcon_meta'
[0.298s] Level 1:colcon.colcon_core.package_identification:_identify(src/rl_autonomy/template_build) by extensions ['ros']
[0.298s] Level 1:colcon.colcon_core.package_identification:_identify(src/rl_autonomy/template_build) by extension 'ros'
[0.298s] Level 1:colcon.colcon_core.package_identification:_identify(src/rl_autonomy/template_build) by extensions ['cmake', 'python']
[0.298s] Level 1:colcon.colcon_core.package_identification:_identify(src/rl_autonomy/template_build) by extension 'cmake'
[0.299s] Level 1:colcon.colcon_core.package_identification:_identify(src/rl_autonomy/template_build) by extension 'python'
[0.299s] Level 1:colcon.colcon_core.package_identification:_identify(src/rl_autonomy/template_build) by extensions ['python_setup_py']
[0.299s] Level 1:colcon.colcon_core.package_identification:_identify(src/rl_autonomy/template_build) by extension 'python_setup_py'
[0.299s] Level 1:colcon.colcon_core.package_discovery:discover_packages(recursive) using defaults
[0.299s] Level 1:colcon.colcon_core.package_discovery:discover_packages(ignore) discover
[0.299s] Level 1:colcon.colcon_core.package_discovery:discover_packages(ignore) using defaults
[0.299s] Level 1:colcon.colcon_core.package_discovery:discover_packages(path) discover
[0.299s] Level 1:colcon.colcon_core.package_discovery:discover_packages(path) using defaults
[0.311s] Level 5:colcon.colcon_core.verb:set package 'moteus_msgs' build argument 'cmake_args' from command line to 'None'
[0.311s] Level 5:colcon.colcon_core.verb:set package 'moteus_msgs' build argument 'cmake_target' from command line to 'None'
[0.311s] Level 5:colcon.colcon_core.verb:set package 'moteus_msgs' build argument 'cmake_target_skip_unavailable' from command line to 'False'
[0.311s] Level 5:colcon.colcon_core.verb:set package 'moteus_msgs' build argument 'cmake_clean_cache' from command line to 'False'
[0.311s] Level 5:colcon.colcon_core.verb:set package 'moteus_msgs' build argument 'cmake_clean_first' from command line to 'False'
[0.311s] Level 5:colcon.colcon_core.verb:set package 'moteus_msgs' build argument 'cmake_force_configure' from command line to 'False'
[0.311s] Level 5:colcon.colcon_core.verb:set package 'moteus_msgs' build argument 'ament_cmake_args' from command line to 'None'
[0.311s] Level 5:colcon.colcon_core.verb:set package 'moteus_msgs' build argument 'catkin_cmake_args' from command line to 'None'
[0.311s] Level 5:colcon.colcon_core.verb:set package 'moteus_msgs' build argument 'catkin_skip_building_tests' from command line to 'False'
[0.311s] DEBUG:colcon.colcon_core.verb:Building package 'moteus_msgs' with the following arguments: {'ament_cmake_args': None, 'build_base': '/RoverFlake2/build/moteus_msgs', 'catkin_cmake_args': None, 'catkin_skip_building_tests': False, 'cmake_args': None, 'cmake_clean_cache': False, 'cmake_clean_first': False, 'cmake_force_configure': False, 'cmake_target': None, 'cmake_target_skip_unavailable': False, 'install_base': '/RoverFlake2/install/moteus_msgs', 'merge_install': False, 'path': '/RoverFlake2/src/external_pkgs/moteus_ros2/src/moteus_msgs', 'symlink_install': False, 'test_result_base': None}
[0.311s] Level 5:colcon.colcon_core.verb:set package 'robosuite' build argument 'cmake_args' from command line to 'None'
[0.311s] Level 5:colcon.colcon_core.verb:set package 'robosuite' build argument 'cmake_target' from command line to 'None'
[0.311s] Level 5:colcon.colcon_core.verb:set package 'robosuite' build argument 'cmake_target_skip_unavailable' from command line to 'False'
[0.311s] Level 5:colcon.colcon_core.verb:set package 'robosuite' build argument 'cmake_clean_cache' from command line to 'False'
[0.311s] Level 5:colcon.colcon_core.verb:set package 'robosuite' build argument 'cmake_clean_first' from command line to 'False'
[0.311s] Level 5:colcon.colcon_core.verb:set package 'robosuite' build argument 'cmake_force_configure' from command line to 'False'
[0.311s] Level 5:colcon.colcon_core.verb:set package 'robosuite' build argument 'ament_cmake_args' from command line to 'None'
[0.311s] Level 5:colcon.colcon_core.verb:set package 'robosuite' build argument 'catkin_cmake_args' from command line to 'None'
[0.311s] Level 5:colcon.colcon_core.verb:set package 'robosuite' build argument 'catkin_skip_building_tests' from command line to 'False'
[0.311s] DEBUG:colcon.colcon_core.verb:Building package 'robosuite' with the following arguments: {'ament_cmake_args': None, 'build_base': '/RoverFlake2/build/robosuite', 'catkin_cmake_args': None, 'catkin_skip_building_tests': False, 'cmake_args': None, 'cmake_clean_cache': False, 'cmake_clean_first': False, 'cmake_force_configure': False, 'cmake_target': None, 'cmake_target_skip_unavailable': False, 'install_base': '/RoverFlake2/install/robosuite', 'merge_install': False, 'path': '/RoverFlake2/src/rl_autonomy/RoboSuite', 'symlink_install': False, 'test_result_base': None}
[0.311s] Level 5:colcon.colcon_core.verb:set package 'serial' build argument 'cmake_args' from command line to 'None'
[0.311s] Level 5:colcon.colcon_core.verb:set package 'serial' build argument 'cmake_target' from command line to 'None'
[0.311s] Level 5:colcon.colcon_core.verb:set package 'serial' build argument 'cmake_target_skip_unavailable' from command line to 'False'
[0.311s] Level 5:colcon.colcon_core.verb:set package 'serial' build argument 'cmake_clean_cache' from command line to 'False'
[0.311s] Level 5:colcon.colcon_core.verb:set package 'serial' build argument 'cmake_clean_first' from command line to 'False'
[0.311s] Level 5:colcon.colcon_core.verb:set package 'serial' build argument 'cmake_force_configure' from command line to 'False'
[0.311s] Level 5:colcon.colcon_core.verb:set package 'serial' build argument 'ament_cmake_args' from command line to 'None'
[0.311s] Level 5:colcon.colcon_core.verb:set package 'serial' build argument 'catkin_cmake_args' from command line to 'None'
[0.311s] Level 5:colcon.colcon_core.verb:set package 'serial' build argument 'catkin_skip_building_tests' from command line to 'False'
[0.311s] DEBUG:colcon.colcon_core.verb:Building package 'serial' with the following arguments: {'ament_cmake_args': None, 'build_base': '/RoverFlake2/build/serial', 'catkin_cmake_args': None, 'catkin_skip_building_tests': False, 'cmake_args': None, 'cmake_clean_cache': False, 'cmake_clean_first': False, 'cmake_force_configure': False, 'cmake_target': None, 'cmake_target_skip_unavailable': False, 'install_base': '/RoverFlake2/install/serial', 'merge_install': False, 'path': '/RoverFlake2/src/external_pkgs/serial', 'symlink_install': False, 'test_result_base': None}
[0.312s] Level 5:colcon.colcon_core.verb:set package 'moteus_control' build argument 'cmake_args' from command line to 'None'
[0.312s] Level 5:colcon.colcon_core.verb:set package 'moteus_control' build argument 'cmake_target' from command line to 'None'
[0.312s] Level 5:colcon.colcon_core.verb:set package 'moteus_control' build argument 'cmake_target_skip_unavailable' from command line to 'False'
[0.312s] Level 5:colcon.colcon_core.verb:set package 'moteus_control' build argument 'cmake_clean_cache' from command line to 'False'
[0.312s] Level 5:colcon.colcon_core.verb:set package 'moteus_control' build argument 'cmake_clean_first' from command line to 'False'
[0.312s] Level 5:colcon.colcon_core.verb:set package 'moteus_control' build argument 'cmake_force_configure' from command line to 'False'
[0.312s] Level 5:colcon.colcon_core.verb:set package 'moteus_control' build argument 'ament_cmake_args' from command line to 'None'
[0.312s] Level 5:colcon.colcon_core.verb:set package 'moteus_control' build argument 'catkin_cmake_args' from command line to 'None'
[0.312s] Level 5:colcon.colcon_core.verb:set package 'moteus_control' build argument 'catkin_skip_building_tests' from command line to 'False'
[0.312s] DEBUG:colcon.colcon_core.verb:Building package 'moteus_control' with the following arguments: {'ament_cmake_args': None, 'build_base': '/RoverFlake2/build/moteus_control', 'catkin_cmake_args': None, 'catkin_skip_building_tests': False, 'cmake_args': None, 'cmake_clean_cache': False, 'cmake_clean_first': False, 'cmake_force_configure': False, 'cmake_target': None, 'cmake_target_skip_unavailable': False, 'install_base': '/RoverFlake2/install/moteus_control', 'merge_install': False, 'path': '/RoverFlake2/src/external_pkgs/moteus_ros2/src/moteus_control', 'symlink_install': False, 'test_result_base': None}
[0.312s] INFO:colcon.colcon_core.executor:Executing jobs using 'parallel' executor
[0.313s] DEBUG:colcon.colcon_parallel_executor.executor.parallel:run_until_complete
[0.313s] INFO:colcon.colcon_ros.task.ament_cmake.build:Building ROS package in '/RoverFlake2/src/external_pkgs/moteus_ros2/src/moteus_msgs' with build type 'ament_cmake'
[0.313s] INFO:colcon.colcon_cmake.task.cmake.build:Building CMake package in '/RoverFlake2/src/external_pkgs/moteus_ros2/src/moteus_msgs'
[0.314s] INFO:colcon.colcon_core.plugin_system:Skipping extension 'colcon_core.shell.bat': Not used on non-Windows systems
[0.314s] INFO:colcon.colcon_core.shell:Skip shell extension 'powershell' for command environment: Not usable outside of PowerShell
[0.315s] DEBUG:colcon.colcon_core.shell:Skip shell extension 'dsv' for command environment
[0.317s] INFO:colcon.colcon_core.task.python.build:Building Python package in '/RoverFlake2/src/rl_autonomy/RoboSuite'
[0.317s] INFO:colcon.colcon_core.shell:Skip shell extension 'powershell' for command environment: Not usable outside of PowerShell
[0.317s] DEBUG:colcon.colcon_core.shell:Skip shell extension 'dsv' for command environment
[0.319s] INFO:colcon.colcon_ros.task.catkin.build:Building ROS package in '/RoverFlake2/src/external_pkgs/serial' with build type 'catkin'
[0.319s] INFO:colcon.colcon_cmake.task.cmake.build:Building CMake package in '/RoverFlake2/src/external_pkgs/serial'
[0.319s] INFO:colcon.colcon_core.shell:Skip shell extension 'powershell' for command environment: Not usable outside of PowerShell
[0.319s] DEBUG:colcon.colcon_core.shell:Skip shell extension 'dsv' for command environment
[0.324s] DEBUG:colcon.colcon_core.event_handler.log_command:Invoking command in '/RoverFlake2/build/moteus_msgs': CMAKE_PREFIX_PATH=/opt/ros/humble /usr/bin/cmake /RoverFlake2/src/external_pkgs/moteus_ros2/src/moteus_msgs -DCMAKE_INSTALL_PREFIX=/RoverFlake2/install/moteus_msgs
[0.468s] DEBUG:colcon.colcon_core.event_handler.log_command:Invoking command in '/RoverFlake2/build/serial': /usr/bin/cmake /RoverFlake2/src/external_pkgs/serial -DCATKIN_INSTALL_INTO_PREFIX_ROOT=0 -DCMAKE_INSTALL_PREFIX=/RoverFlake2/install/serial
[0.666s] DEBUG:colcon.colcon_core.event_handler.log_command:Invoking command in '/RoverFlake2/src/rl_autonomy/RoboSuite': PYTHONPATH=/RoverFlake2/build/robosuite/prefix_override:/usr/lib/python3/dist-packages/colcon_core/task/python/colcon_distutils_commands:/RoverFlake2/install/robosuite/lib/python3.10/site-packages:${PYTHONPATH} /usr/bin/python3 -W ignore:setup.py install is deprecated -W ignore:easy_install command is deprecated setup.py egg_info --egg-base ../../../build/robosuite build --build-base /RoverFlake2/build/robosuite/build install --record /RoverFlake2/build/robosuite/install.log --single-version-externally-managed
[0.909s] DEBUG:colcon.colcon_core.event_handler.log_command:Invoked command in '/RoverFlake2/build/serial' returned '0': /usr/bin/cmake /RoverFlake2/src/external_pkgs/serial -DCATKIN_INSTALL_INTO_PREFIX_ROOT=0 -DCMAKE_INSTALL_PREFIX=/RoverFlake2/install/serial
[0.909s] DEBUG:colcon.colcon_core.event_handler.log_command:Invoking command in '/RoverFlake2/build/serial': /usr/bin/cmake --build /RoverFlake2/build/serial -- -j16 -l16
[1.437s] DEBUG:colcon.colcon_core.event_handler.log_command:Invoked command in '/RoverFlake2/build/moteus_msgs' returned '0': CMAKE_PREFIX_PATH=/opt/ros/humble /usr/bin/cmake /RoverFlake2/src/external_pkgs/moteus_ros2/src/moteus_msgs -DCMAKE_INSTALL_PREFIX=/RoverFlake2/install/moteus_msgs
[1.439s] DEBUG:colcon.colcon_core.event_handler.log_command:Invoking command in '/RoverFlake2/build/moteus_msgs': CMAKE_PREFIX_PATH=/opt/ros/humble /usr/bin/cmake --build /RoverFlake2/build/moteus_msgs -- -j16 -l16
[1.681s] DEBUG:colcon.colcon_core.event_handler.log_command:Invoked command in '/RoverFlake2/build/serial' returned '0': /usr/bin/cmake --build /RoverFlake2/build/serial -- -j16 -l16
[1.689s] DEBUG:colcon.colcon_core.event_handler.log_command:Invoking command in '/RoverFlake2/build/serial': /usr/bin/cmake --install /RoverFlake2/build/serial
[1.701s] DEBUG:colcon.colcon_core.event_handler.log_command:Invoked command in '/RoverFlake2/build/serial' returned '0': /usr/bin/cmake --install /RoverFlake2/build/serial
[1.701s] Level 1:colcon.colcon_core.shell:create_environment_hook('serial', 'ros_package_path')
[1.701s] INFO:colcon.colcon_core.shell:Creating environment hook '/RoverFlake2/install/serial/share/serial/hook/ros_package_path.ps1'
[1.702s] INFO:colcon.colcon_core.shell:Creating environment descriptor '/RoverFlake2/install/serial/share/serial/hook/ros_package_path.dsv'
[1.702s] INFO:colcon.colcon_core.shell:Creating environment hook '/RoverFlake2/install/serial/share/serial/hook/ros_package_path.sh'
[1.703s] Level 1:colcon.colcon_core.shell:create_environment_hook('serial', 'pkg_config_path')
[1.703s] INFO:colcon.colcon_core.shell:Creating environment hook '/RoverFlake2/install/serial/share/serial/hook/pkg_config_path.ps1'
[1.703s] INFO:colcon.colcon_core.shell:Creating environment descriptor '/RoverFlake2/install/serial/share/serial/hook/pkg_config_path.dsv'
[1.703s] INFO:colcon.colcon_core.shell:Creating environment hook '/RoverFlake2/install/serial/share/serial/hook/pkg_config_path.sh'
[1.705s] Level 1:colcon.colcon_core.shell:create_environment_hook('serial', 'pkg_config_path_multiarch')
[1.705s] INFO:colcon.colcon_core.shell:Creating environment hook '/RoverFlake2/install/serial/share/serial/hook/pkg_config_path_multiarch.ps1'
[1.706s] INFO:colcon.colcon_core.shell:Creating environment descriptor '/RoverFlake2/install/serial/share/serial/hook/pkg_config_path_multiarch.dsv'
[1.706s] INFO:colcon.colcon_core.shell:Creating environment hook '/RoverFlake2/install/serial/share/serial/hook/pkg_config_path_multiarch.sh'
[1.707s] Level 1:colcon.colcon_core.environment:create_environment_scripts_only(serial)
[1.708s] Level 1:colcon.colcon_core.environment:checking '/RoverFlake2/install/serial' for CMake module files
[1.708s] Level 1:colcon.colcon_core.environment:checking '/RoverFlake2/install/serial' for CMake config files
[1.709s] Level 1:colcon.colcon_core.shell:create_environment_hook('serial', 'cmake_prefix_path')
[1.709s] INFO:colcon.colcon_core.shell:Creating environment hook '/RoverFlake2/install/serial/share/serial/hook/cmake_prefix_path.ps1'
[1.709s] INFO:colcon.colcon_core.shell:Creating environment descriptor '/RoverFlake2/install/serial/share/serial/hook/cmake_prefix_path.dsv'
[1.709s] INFO:colcon.colcon_core.shell:Creating environment hook '/RoverFlake2/install/serial/share/serial/hook/cmake_prefix_path.sh'
[1.710s] Level 1:colcon.colcon_core.environment:checking '/RoverFlake2/install/serial/lib'
[1.710s] Level 1:colcon.colcon_core.environment:checking '/RoverFlake2/install/serial/bin'
[1.710s] Level 1:colcon.colcon_core.environment:checking '/RoverFlake2/install/serial/lib/pkgconfig/serial.pc'
[1.710s] Level 1:colcon.colcon_core.environment:checking '/RoverFlake2/install/serial/lib/python3.10/site-packages'
[1.710s] Level 1:colcon.colcon_core.environment:checking '/RoverFlake2/install/serial/bin'
[1.710s] INFO:colcon.colcon_core.shell:Creating package script '/RoverFlake2/install/serial/share/serial/package.ps1'
[1.711s] INFO:colcon.colcon_core.shell:Creating package descriptor '/RoverFlake2/install/serial/share/serial/package.dsv'
[1.711s] INFO:colcon.colcon_core.shell:Creating package script '/RoverFlake2/install/serial/share/serial/package.sh'
[1.728s] INFO:colcon.colcon_core.shell:Creating package script '/RoverFlake2/install/serial/share/serial/package.bash'
[1.729s] INFO:colcon.colcon_core.shell:Creating package script '/RoverFlake2/install/serial/share/serial/package.zsh'
[1.730s] Level 1:colcon.colcon_core.environment:create_file_with_runtime_dependencies(/RoverFlake2/install/serial/share/colcon-core/packages/serial)
[1.731s] Level 1:colcon.colcon_core.environment:checking '/RoverFlake2/install/robosuite' for CMake module files
[1.731s] DEBUG:colcon.colcon_core.event_handler.log_command:Invoked command in '/RoverFlake2/src/rl_autonomy/RoboSuite' returned '0': PYTHONPATH=/RoverFlake2/build/robosuite/prefix_override:/usr/lib/python3/dist-packages/colcon_core/task/python/colcon_distutils_commands:/RoverFlake2/install/robosuite/lib/python3.10/site-packages:${PYTHONPATH} /usr/bin/python3 -W ignore:setup.py install is deprecated -W ignore:easy_install command is deprecated setup.py egg_info --egg-base ../../../build/robosuite build --build-base /RoverFlake2/build/robosuite/build install --record /RoverFlake2/build/robosuite/install.log --single-version-externally-managed
[1.731s] Level 1:colcon.colcon_core.environment:checking '/RoverFlake2/install/robosuite' for CMake config files
[1.735s] Level 1:colcon.colcon_core.environment:checking '/RoverFlake2/install/robosuite/lib'
[1.735s] Level 1:colcon.colcon_core.environment:checking '/RoverFlake2/install/robosuite/bin'
[1.735s] Level 1:colcon.colcon_core.environment:checking '/RoverFlake2/install/robosuite/lib/pkgconfig/robosuite.pc'
[1.735s] Level 1:colcon.colcon_core.environment:checking '/RoverFlake2/install/robosuite/lib/python3.10/site-packages'
[1.735s] Level 1:colcon.colcon_core.shell:create_environment_hook('robosuite', 'pythonpath')
[1.735s] INFO:colcon.colcon_core.shell:Creating environment hook '/RoverFlake2/install/robosuite/share/robosuite/hook/pythonpath.ps1'
[1.736s] INFO:colcon.colcon_core.shell:Creating environment descriptor '/RoverFlake2/install/robosuite/share/robosuite/hook/pythonpath.dsv'
[1.736s] INFO:colcon.colcon_core.shell:Creating environment hook '/RoverFlake2/install/robosuite/share/robosuite/hook/pythonpath.sh'
[1.736s] Level 1:colcon.colcon_core.environment:checking '/RoverFlake2/install/robosuite/bin'
[1.736s] Level 1:colcon.colcon_core.environment:create_environment_scripts_only(robosuite)
[1.736s] INFO:colcon.colcon_core.shell:Creating package script '/RoverFlake2/install/robosuite/share/robosuite/package.ps1'
[1.737s] INFO:colcon.colcon_core.shell:Creating package descriptor '/RoverFlake2/install/robosuite/share/robosuite/package.dsv'
[1.737s] INFO:colcon.colcon_core.shell:Creating package script '/RoverFlake2/install/robosuite/share/robosuite/package.sh'
[1.737s] INFO:colcon.colcon_core.shell:Creating package script '/RoverFlake2/install/robosuite/share/robosuite/package.bash'
[1.737s] INFO:colcon.colcon_core.shell:Creating package script '/RoverFlake2/install/robosuite/share/robosuite/package.zsh'
[1.737s] Level 1:colcon.colcon_core.environment:create_file_with_runtime_dependencies(/RoverFlake2/install/robosuite/share/colcon-core/packages/robosuite)
[2.829s] DEBUG:colcon.colcon_core.event_handler.log_command:Invoked command in '/RoverFlake2/build/moteus_msgs' returned '0': CMAKE_PREFIX_PATH=/opt/ros/humble /usr/bin/cmake --build /RoverFlake2/build/moteus_msgs -- -j16 -l16
[2.831s] DEBUG:colcon.colcon_core.event_handler.log_command:Invoking command in '/RoverFlake2/build/moteus_msgs': CMAKE_PREFIX_PATH=/opt/ros/humble /usr/bin/cmake --install /RoverFlake2/build/moteus_msgs
[2.883s] Level 1:colcon.colcon_core.environment:create_environment_scripts_only(moteus_msgs)
[2.883s] Level 1:colcon.colcon_core.environment:checking '/RoverFlake2/install/moteus_msgs' for CMake module files
[2.884s] DEBUG:colcon.colcon_core.event_handler.log_command:Invoked command in '/RoverFlake2/build/moteus_msgs' returned '0': CMAKE_PREFIX_PATH=/opt/ros/humble /usr/bin/cmake --install /RoverFlake2/build/moteus_msgs
[2.884s] Level 1:colcon.colcon_core.environment:checking '/RoverFlake2/install/moteus_msgs' for CMake config files
[2.884s] Level 1:colcon.colcon_core.shell:create_environment_hook('moteus_msgs', 'cmake_prefix_path')
[2.884s] INFO:colcon.colcon_core.shell:Creating environment hook '/RoverFlake2/install/moteus_msgs/share/moteus_msgs/hook/cmake_prefix_path.ps1'
[2.885s] INFO:colcon.colcon_core.shell:Creating environment descriptor '/RoverFlake2/install/moteus_msgs/share/moteus_msgs/hook/cmake_prefix_path.dsv'
[2.885s] INFO:colcon.colcon_core.shell:Creating environment hook '/RoverFlake2/install/moteus_msgs/share/moteus_msgs/hook/cmake_prefix_path.sh'
[2.885s] Level 1:colcon.colcon_core.environment:checking '/RoverFlake2/install/moteus_msgs/lib'
[2.885s] Level 1:colcon.colcon_core.shell:create_environment_hook('moteus_msgs', 'ld_library_path_lib')
[2.885s] INFO:colcon.colcon_core.shell:Creating environment hook '/RoverFlake2/install/moteus_msgs/share/moteus_msgs/hook/ld_library_path_lib.ps1'
[2.886s] INFO:colcon.colcon_core.shell:Creating environment descriptor '/RoverFlake2/install/moteus_msgs/share/moteus_msgs/hook/ld_library_path_lib.dsv'
[2.886s] INFO:colcon.colcon_core.shell:Creating environment hook '/RoverFlake2/install/moteus_msgs/share/moteus_msgs/hook/ld_library_path_lib.sh'
[2.886s] Level 1:colcon.colcon_core.environment:checking '/RoverFlake2/install/moteus_msgs/bin'
[2.886s] Level 1:colcon.colcon_core.environment:checking '/RoverFlake2/install/moteus_msgs/lib/pkgconfig/moteus_msgs.pc'
[2.886s] Level 1:colcon.colcon_core.environment:checking '/RoverFlake2/install/moteus_msgs/lib/python3.10/site-packages'
[2.886s] Level 1:colcon.colcon_core.environment:checking '/RoverFlake2/install/moteus_msgs/bin'
[2.886s] INFO:colcon.colcon_core.shell:Creating package script '/RoverFlake2/install/moteus_msgs/share/moteus_msgs/package.ps1'
[2.887s] INFO:colcon.colcon_core.shell:Creating package descriptor '/RoverFlake2/install/moteus_msgs/share/moteus_msgs/package.dsv'
[2.887s] INFO:colcon.colcon_core.shell:Creating package script '/RoverFlake2/install/moteus_msgs/share/moteus_msgs/package.sh'
[2.887s] INFO:colcon.colcon_core.shell:Creating package script '/RoverFlake2/install/moteus_msgs/share/moteus_msgs/package.bash'
[2.887s] INFO:colcon.colcon_core.shell:Creating package script '/RoverFlake2/install/moteus_msgs/share/moteus_msgs/package.zsh'
[2.888s] Level 1:colcon.colcon_core.environment:create_file_with_runtime_dependencies(/RoverFlake2/install/moteus_msgs/share/colcon-core/packages/moteus_msgs)
[2.888s] Level 1:colcon.colcon_core.environment:create_environment_scripts_only(moteus_msgs)
[2.888s] Level 1:colcon.colcon_core.environment:checking '/RoverFlake2/install/moteus_msgs' for CMake module files
[2.889s] Level 1:colcon.colcon_core.environment:checking '/RoverFlake2/install/moteus_msgs' for CMake config files
[2.889s] Level 1:colcon.colcon_core.shell:create_environment_hook('moteus_msgs', 'cmake_prefix_path')
[2.889s] INFO:colcon.colcon_core.shell:Creating environment hook '/RoverFlake2/install/moteus_msgs/share/moteus_msgs/hook/cmake_prefix_path.ps1'
[2.889s] INFO:colcon.colcon_core.shell:Creating environment descriptor '/RoverFlake2/install/moteus_msgs/share/moteus_msgs/hook/cmake_prefix_path.dsv'
[2.889s] INFO:colcon.colcon_core.shell:Creating environment hook '/RoverFlake2/install/moteus_msgs/share/moteus_msgs/hook/cmake_prefix_path.sh'
[2.890s] Level 1:colcon.colcon_core.environment:checking '/RoverFlake2/install/moteus_msgs/lib'
[2.890s] Level 1:colcon.colcon_core.shell:create_environment_hook('moteus_msgs', 'ld_library_path_lib')
[2.890s] INFO:colcon.colcon_core.shell:Creating environment hook '/RoverFlake2/install/moteus_msgs/share/moteus_msgs/hook/ld_library_path_lib.ps1'
[2.890s] INFO:colcon.colcon_core.shell:Creating environment descriptor '/RoverFlake2/install/moteus_msgs/share/moteus_msgs/hook/ld_library_path_lib.dsv'
[2.890s] INFO:colcon.colcon_core.shell:Creating environment hook '/RoverFlake2/install/moteus_msgs/share/moteus_msgs/hook/ld_library_path_lib.sh'
[2.891s] Level 1:colcon.colcon_core.environment:checking '/RoverFlake2/install/moteus_msgs/bin'
[2.891s] Level 1:colcon.colcon_core.environment:checking '/RoverFlake2/install/moteus_msgs/lib/pkgconfig/moteus_msgs.pc'
[2.891s] Level 1:colcon.colcon_core.environment:checking '/RoverFlake2/install/moteus_msgs/lib/python3.10/site-packages'
[2.891s] Level 1:colcon.colcon_core.environment:checking '/RoverFlake2/install/moteus_msgs/bin'
[2.891s] INFO:colcon.colcon_core.shell:Creating package script '/RoverFlake2/install/moteus_msgs/share/moteus_msgs/package.ps1'
[2.891s] INFO:colcon.colcon_core.shell:Creating package descriptor '/RoverFlake2/install/moteus_msgs/share/moteus_msgs/package.dsv'
[2.892s] INFO:colcon.colcon_core.shell:Creating package script '/RoverFlake2/install/moteus_msgs/share/moteus_msgs/package.sh'
[2.892s] INFO:colcon.colcon_core.shell:Creating package script '/RoverFlake2/install/moteus_msgs/share/moteus_msgs/package.bash'
[2.892s] INFO:colcon.colcon_core.shell:Creating package script '/RoverFlake2/install/moteus_msgs/share/moteus_msgs/package.zsh'
[2.892s] Level 1:colcon.colcon_core.environment:create_file_with_runtime_dependencies(/RoverFlake2/install/moteus_msgs/share/colcon-core/packages/moteus_msgs)
[2.893s] INFO:colcon.colcon_ros.task.ament_python.build:Building ROS package in '/RoverFlake2/src/external_pkgs/moteus_ros2/src/moteus_control' with build type 'ament_python'
[2.893s] Level 1:colcon.colcon_core.shell:create_environment_hook('moteus_control', 'ament_prefix_path')
[2.893s] INFO:colcon.colcon_core.shell:Creating environment hook '/RoverFlake2/install/moteus_control/share/moteus_control/hook/ament_prefix_path.ps1'
[2.894s] INFO:colcon.colcon_core.shell:Creating environment descriptor '/RoverFlake2/install/moteus_control/share/moteus_control/hook/ament_prefix_path.dsv'
[2.894s] INFO:colcon.colcon_core.shell:Creating environment hook '/RoverFlake2/install/moteus_control/share/moteus_control/hook/ament_prefix_path.sh'
[2.895s] INFO:colcon.colcon_core.shell:Skip shell extension 'powershell' for command environment: Not usable outside of PowerShell
[2.895s] DEBUG:colcon.colcon_core.shell:Skip shell extension 'dsv' for command environment
[3.044s] INFO:colcon.colcon_core.task.python.build:Building Python package in '/RoverFlake2/src/external_pkgs/moteus_ros2/src/moteus_control'
[3.045s] INFO:colcon.colcon_core.shell:Skip shell extension 'powershell' for command environment: Not usable outside of PowerShell
[3.045s] DEBUG:colcon.colcon_core.shell:Skip shell extension 'dsv' for command environment
[3.221s] DEBUG:colcon.colcon_core.event_handler.log_command:Invoking command in '/RoverFlake2/src/external_pkgs/moteus_ros2/src/moteus_control': AMENT_PREFIX_PATH=/RoverFlake2/install/moteus_msgs:${AMENT_PREFIX_PATH} CMAKE_PREFIX_PATH=/RoverFlake2/install/moteus_msgs LD_LIBRARY_PATH=/RoverFlake2/install/moteus_msgs/lib:${LD_LIBRARY_PATH} PYTHONPATH=/RoverFlake2/build/moteus_control/prefix_override:/usr/lib/python3/dist-packages/colcon_core/task/python/colcon_distutils_commands:/RoverFlake2/install/moteus_control/lib/python3.10/site-packages:/RoverFlake2/install/moteus_msgs/local/lib/python3.10/dist-packages:${PYTHONPATH} /usr/bin/python3 -W ignore:setup.py install is deprecated -W ignore:easy_install command is deprecated setup.py egg_info --egg-base ../../../../../build/moteus_control build --build-base /RoverFlake2/build/moteus_control/build install --record /RoverFlake2/build/moteus_control/install.log --single-version-externally-managed install_data
[3.381s] Level 1:colcon.colcon_core.environment:checking '/RoverFlake2/install/moteus_control' for CMake module files
[3.382s] DEBUG:colcon.colcon_core.event_handler.log_command:Invoked command in '/RoverFlake2/src/external_pkgs/moteus_ros2/src/moteus_control' returned '0': AMENT_PREFIX_PATH=/RoverFlake2/install/moteus_msgs:${AMENT_PREFIX_PATH} CMAKE_PREFIX_PATH=/RoverFlake2/install/moteus_msgs LD_LIBRARY_PATH=/RoverFlake2/install/moteus_msgs/lib:${LD_LIBRARY_PATH} PYTHONPATH=/RoverFlake2/build/moteus_control/prefix_override:/usr/lib/python3/dist-packages/colcon_core/task/python/colcon_distutils_commands:/RoverFlake2/install/moteus_control/lib/python3.10/site-packages:/RoverFlake2/install/moteus_msgs/local/lib/python3.10/dist-packages:${PYTHONPATH} /usr/bin/python3 -W ignore:setup.py install is deprecated -W ignore:easy_install command is deprecated setup.py egg_info --egg-base ../../../../../build/moteus_control build --build-base /RoverFlake2/build/moteus_control/build install --record /RoverFlake2/build/moteus_control/install.log --single-version-externally-managed install_data
[3.382s] Level 1:colcon.colcon_core.environment:checking '/RoverFlake2/install/moteus_control' for CMake config files
[3.383s] Level 1:colcon.colcon_core.environment:checking '/RoverFlake2/install/moteus_control/lib'
[3.383s] Level 1:colcon.colcon_core.environment:checking '/RoverFlake2/install/moteus_control/bin'
[3.383s] Level 1:colcon.colcon_core.environment:checking '/RoverFlake2/install/moteus_control/lib/pkgconfig/moteus_control.pc'
[3.383s] Level 1:colcon.colcon_core.environment:checking '/RoverFlake2/install/moteus_control/lib/python3.10/site-packages'
[3.383s] Level 1:colcon.colcon_core.shell:create_environment_hook('moteus_control', 'pythonpath')
[3.383s] INFO:colcon.colcon_core.shell:Creating environment hook '/RoverFlake2/install/moteus_control/share/moteus_control/hook/pythonpath.ps1'
[3.383s] INFO:colcon.colcon_core.shell:Creating environment descriptor '/RoverFlake2/install/moteus_control/share/moteus_control/hook/pythonpath.dsv'
[3.384s] INFO:colcon.colcon_core.shell:Creating environment hook '/RoverFlake2/install/moteus_control/share/moteus_control/hook/pythonpath.sh'
[3.384s] Level 1:colcon.colcon_core.environment:checking '/RoverFlake2/install/moteus_control/bin'
[3.384s] Level 1:colcon.colcon_core.environment:create_environment_scripts_only(moteus_control)
[3.384s] INFO:colcon.colcon_core.shell:Creating package script '/RoverFlake2/install/moteus_control/share/moteus_control/package.ps1'
[3.384s] INFO:colcon.colcon_core.shell:Creating package descriptor '/RoverFlake2/install/moteus_control/share/moteus_control/package.dsv'
[3.385s] INFO:colcon.colcon_core.shell:Creating package script '/RoverFlake2/install/moteus_control/share/moteus_control/package.sh'
[3.385s] INFO:colcon.colcon_core.shell:Creating package script '/RoverFlake2/install/moteus_control/share/moteus_control/package.bash'
[3.385s] INFO:colcon.colcon_core.shell:Creating package script '/RoverFlake2/install/moteus_control/share/moteus_control/package.zsh'
[3.385s] Level 1:colcon.colcon_core.environment:create_file_with_runtime_dependencies(/RoverFlake2/install/moteus_control/share/colcon-core/packages/moteus_control)
[3.385s] DEBUG:colcon.colcon_parallel_executor.executor.parallel:closing loop
[3.386s] DEBUG:colcon.colcon_parallel_executor.executor.parallel:loop closed
[3.386s] DEBUG:colcon.colcon_parallel_executor.executor.parallel:run_until_complete finished with '0'
[3.386s] DEBUG:colcon.colcon_core.event_reactor:joining thread
[3.390s] INFO:colcon.colcon_core.plugin_system:Skipping extension 'colcon_notification.desktop_notification.notify_send': Could not find 'notify-send'
[3.390s] INFO:colcon.colcon_core.plugin_system:Skipping extension 'colcon_notification.desktop_notification.terminal_notifier': Not used on non-Darwin systems
[3.390s] INFO:colcon.colcon_core.plugin_system:Skipping extension 'colcon_notification.desktop_notification.win32': Not used on non-Windows systems
[3.390s] INFO:colcon.colcon_notification.desktop_notification:Sending desktop notification using 'notify2'
[3.392s] DEBUG:colcon.colcon_notification.desktop_notification.notify2:Failed to initialize notify2: org.freedesktop.DBus.Error.Spawn.ExecFailed: /usr/bin/dbus-launch terminated abnormally without any error message
[3.392s] DEBUG:colcon.colcon_core.event_reactor:joined thread
[3.393s] INFO:colcon.colcon_core.shell:Creating prefix script '/RoverFlake2/install/local_setup.ps1'
[3.394s] INFO:colcon.colcon_core.shell:Creating prefix util module '/RoverFlake2/install/_local_setup_util_ps1.py'
[3.395s] INFO:colcon.colcon_core.shell:Creating prefix chain script '/RoverFlake2/install/setup.ps1'
[3.396s] INFO:colcon.colcon_core.shell:Creating prefix script '/RoverFlake2/install/local_setup.sh'
[3.397s] INFO:colcon.colcon_core.shell:Creating prefix util module '/RoverFlake2/install/_local_setup_util_sh.py'
[3.397s] INFO:colcon.colcon_core.shell:Creating prefix chain script '/RoverFlake2/install/setup.sh'
[3.398s] INFO:colcon.colcon_core.shell:Creating prefix script '/RoverFlake2/install/local_setup.bash'
[3.398s] INFO:colcon.colcon_core.shell:Creating prefix chain script '/RoverFlake2/install/setup.bash'
[3.399s] INFO:colcon.colcon_core.shell:Creating prefix script '/RoverFlake2/install/local_setup.zsh'
[3.399s] INFO:colcon.colcon_core.shell:Creating prefix chain script '/RoverFlake2/install/setup.zsh'
