-- The C compiler identification is GNU 11.4.0
-- The CXX compiler identification is GNU 11.4.0
-- Detecting C compiler ABI info
-- Detecting C compiler ABI info - done
-- Check for working C compiler: /usr/bin/cc - skipped
-- Detecting C compile features
-- Detecting C compile features - done
-- Detecting CXX compiler ABI info
-- Detecting CXX compiler ABI info - done
-- Check for working CXX compiler: /usr/bin/c++ - skipped
-- Detecting CXX compile features
-- Detecting CXX compile features - done
-- Found ament_cmake: 1.3.12 (/opt/ros/humble/share/ament_cmake/cmake)
-- Found Python3: /usr/bin/python3 (found version "3.10.12") found components: Interpreter 
-- Found rosidl_default_generators: 1.2.0 (/opt/ros/humble/share/rosidl_default_generators/cmake)
-- Using all available rosidl_typesupport_c: rosidl_typesupport_fastrtps_c;rosidl_typesupport_introspection_c
-- Found rosidl_adapter: 3.1.7 (/opt/ros/humble/share/rosidl_adapter/cmake)
-- Using all available rosidl_typesupport_cpp: rosidl_typesupport_fastrtps_cpp;rosidl_typesupport_introspection_cpp
-- Found ament_cmake_ros: 0.10.0 (/opt/ros/humble/share/ament_cmake_ros/cmake)
-- Using all available rosidl_typesupport_c: rosidl_typesupport_fastrtps_c;rosidl_typesupport_introspection_c
-- Using all available rosidl_typesupport_cpp: rosidl_typesupport_fastrtps_cpp;rosidl_typesupport_introspection_cpp
-- Found PythonInterp: /usr/bin/python3 (found suitable version "3.10.12", minimum required is "3.6") 
-- Found python_cmake_module: 0.10.0 (/opt/ros/humble/share/python_cmake_module/cmake)
-- Found PythonLibs: /usr/lib/x86_64-linux-gnu/libpython3.10.so (found suitable version "3.10.12", minimum required is "3.5") 
-- Using PYTHON_EXECUTABLE: /usr/bin/python3
-- Using PYTHON_INCLUDE_DIRS: /usr/include/python3.10
-- Using PYTHON_LIBRARIES: /usr/lib/x86_64-linux-gnu/libpython3.10.so
-- Found PythonExtra: .so  
-- Found ament_lint_auto: 0.12.14 (/opt/ros/humble/share/ament_lint_auto/cmake)
-- Added test 'lint_cmake' to check CMake code style
-- Added test 'xmllint' to check XML markup files
-- Configuring done
-- Generating done
-- Build files have been written to: /RoverFlake2/build/moteus_msgs
[  2%] [34m[1mGenerating C code for ROS interfaces[0m
[  5%] [34m[1mGenerating C++ code for ROS interfaces[0m
[  5%] Built target ament_cmake_python_copy_moteus_msgs
running egg_info
creating moteus_msgs.egg-info
writing moteus_msgs.egg-info/PKG-INFO
writing dependency_links to moteus_msgs.egg-info/dependency_links.txt
writing top-level names to moteus_msgs.egg-info/top_level.txt
writing manifest file 'moteus_msgs.egg-info/SOURCES.txt'
reading manifest file 'moteus_msgs.egg-info/SOURCES.txt'
writing manifest file 'moteus_msgs.egg-info/SOURCES.txt'
[  5%] Built target ament_cmake_python_build_moteus_msgs_egg
[ 10%] [32mBuilding C object CMakeFiles/moteus_msgs__rosidl_generator_c.dir/rosidl_generator_c/moteus_msgs/msg/detail/position_command__functions.c.o[0m
[ 10%] [32mBuilding C object CMakeFiles/moteus_msgs__rosidl_generator_c.dir/rosidl_generator_c/moteus_msgs/msg/detail/controller_state__functions.c.o[0m
[ 10%] Built target moteus_msgs__cpp
[ 17%] [34m[1mGenerating C++ introspection for ROS interfaces[0m
[ 17%] [34m[1mGenerating C++ type support dispatch for ROS interfaces[0m
[ 17%] [34m[1mGenerating C++ type support for eProsima Fast-RTPS[0m
[ 20%] [32m[1mLinking C shared library libmoteus_msgs__rosidl_generator_c.so[0m
[ 20%] Built target moteus_msgs__rosidl_generator_c
[ 25%] [34m[1mGenerating C introspection for ROS interfaces[0m
[ 25%] [34m[1mGenerating C type support dispatch for ROS interfaces[0m
[ 28%] [34m[1mGenerating C type support for eProsima Fast-RTPS[0m
[ 33%] [32mBuilding CXX object CMakeFiles/moteus_msgs__rosidl_typesupport_cpp.dir/rosidl_typesupport_cpp/moteus_msgs/msg/controller_state__type_support.cpp.o[0m
[ 33%] [32mBuilding CXX object CMakeFiles/moteus_msgs__rosidl_typesupport_cpp.dir/rosidl_typesupport_cpp/moteus_msgs/msg/position_command__type_support.cpp.o[0m
[ 38%] [32mBuilding CXX object CMakeFiles/moteus_msgs__rosidl_typesupport_introspection_cpp.dir/rosidl_typesupport_introspection_cpp/moteus_msgs/msg/detail/controller_state__type_support.cpp.o[0m
[ 38%] [32mBuilding CXX object CMakeFiles/moteus_msgs__rosidl_typesupport_introspection_cpp.dir/rosidl_typesupport_introspection_cpp/moteus_msgs/msg/detail/position_command__type_support.cpp.o[0m
[ 41%] [32mBuilding CXX object CMakeFiles/moteus_msgs__rosidl_typesupport_fastrtps_cpp.dir/rosidl_typesupport_fastrtps_cpp/moteus_msgs/msg/detail/dds_fastrtps/position_command__type_support.cpp.o[0m
[ 43%] [32mBuilding CXX object CMakeFiles/moteus_msgs__rosidl_typesupport_fastrtps_cpp.dir/rosidl_typesupport_fastrtps_cpp/moteus_msgs/msg/detail/dds_fastrtps/controller_state__type_support.cpp.o[0m
[ 48%] [32mBuilding CXX object CMakeFiles/moteus_msgs__rosidl_typesupport_c.dir/rosidl_typesupport_c/moteus_msgs/msg/position_command__type_support.cpp.o[0m
[ 48%] [32mBuilding CXX object CMakeFiles/moteus_msgs__rosidl_typesupport_c.dir/rosidl_typesupport_c/moteus_msgs/msg/controller_state__type_support.cpp.o[0m
[ 51%] [32m[1mLinking CXX shared library libmoteus_msgs__rosidl_typesupport_c.so[0m
[ 53%] [32mBuilding CXX object CMakeFiles/moteus_msgs__rosidl_typesupport_fastrtps_c.dir/rosidl_typesupport_fastrtps_c/moteus_msgs/msg/detail/position_command__type_support_c.cpp.o[0m
[ 56%] [32mBuilding CXX object CMakeFiles/moteus_msgs__rosidl_typesupport_fastrtps_c.dir/rosidl_typesupport_fastrtps_c/moteus_msgs/msg/detail/controller_state__type_support_c.cpp.o[0m
[ 58%] [32mBuilding C object CMakeFiles/moteus_msgs__rosidl_typesupport_introspection_c.dir/rosidl_typesupport_introspection_c/moteus_msgs/msg/detail/position_command__type_support.c.o[0m
[ 61%] [32mBuilding C object CMakeFiles/moteus_msgs__rosidl_typesupport_introspection_c.dir/rosidl_typesupport_introspection_c/moteus_msgs/msg/detail/controller_state__type_support.c.o[0m
[ 61%] Built target moteus_msgs__rosidl_typesupport_c
[ 64%] [32m[1mLinking C shared library libmoteus_msgs__rosidl_typesupport_introspection_c.so[0m
[ 64%] Built target moteus_msgs__rosidl_typesupport_introspection_c
[ 66%] [32m[1mLinking CXX shared library libmoteus_msgs__rosidl_typesupport_cpp.so[0m
[ 66%] Built target moteus_msgs__rosidl_typesupport_cpp
[ 69%] [32m[1mLinking CXX shared library libmoteus_msgs__rosidl_typesupport_introspection_cpp.so[0m
[ 71%] [32m[1mLinking CXX shared library libmoteus_msgs__rosidl_typesupport_fastrtps_c.so[0m
[ 74%] [32m[1mLinking CXX shared library libmoteus_msgs__rosidl_typesupport_fastrtps_cpp.so[0m
[ 74%] Built target moteus_msgs__rosidl_typesupport_introspection_cpp
[ 74%] Built target moteus_msgs__rosidl_typesupport_fastrtps_c
[ 74%] Built target moteus_msgs__rosidl_typesupport_fastrtps_cpp
[ 74%] Built target moteus_msgs
[ 76%] [34m[1mGenerating Python code for ROS interfaces[0m
[ 76%] Built target moteus_msgs__py
[ 82%] [32mBuilding C object CMakeFiles/moteus_msgs__rosidl_generator_py.dir/rosidl_generator_py/moteus_msgs/msg/_position_command_s.c.o[0m
[ 82%] [32mBuilding C object CMakeFiles/moteus_msgs__rosidl_generator_py.dir/rosidl_generator_py/moteus_msgs/msg/_controller_state_s.c.o[0m
[ 84%] [32m[1mLinking C shared library rosidl_generator_py/moteus_msgs/libmoteus_msgs__rosidl_generator_py.so[0m
[ 84%] Built target moteus_msgs__rosidl_generator_py
[ 89%] [32mBuilding C object CMakeFiles/moteus_msgs__rosidl_typesupport_fastrtps_c__pyext.dir/rosidl_generator_py/moteus_msgs/_moteus_msgs_s.ep.rosidl_typesupport_fastrtps_c.c.o[0m
[ 89%] [32mBuilding C object CMakeFiles/moteus_msgs__rosidl_typesupport_c__pyext.dir/rosidl_generator_py/moteus_msgs/_moteus_msgs_s.ep.rosidl_typesupport_c.c.o[0m
[ 92%] [32mBuilding C object CMakeFiles/moteus_msgs__rosidl_typesupport_introspection_c__pyext.dir/rosidl_generator_py/moteus_msgs/_moteus_msgs_s.ep.rosidl_typesupport_introspection_c.c.o[0m
[ 94%] [32m[1mLinking C shared library rosidl_generator_py/moteus_msgs/moteus_msgs_s__rosidl_typesupport_c.cpython-310-x86_64-linux-gnu.so[0m
[100%] [32m[1mLinking C shared library rosidl_generator_py/moteus_msgs/moteus_msgs_s__rosidl_typesupport_fastrtps_c.cpython-310-x86_64-linux-gnu.so[0m
[100%] [32m[1mLinking C shared library rosidl_generator_py/moteus_msgs/moteus_msgs_s__rosidl_typesupport_introspection_c.cpython-310-x86_64-linux-gnu.so[0m
[100%] Built target moteus_msgs__rosidl_typesupport_c__pyext
[100%] Built target moteus_msgs__rosidl_typesupport_introspection_c__pyext
[100%] Built target moteus_msgs__rosidl_typesupport_fastrtps_c__pyext
-- Install configuration: ""
-- Installing: /RoverFlake2/install/moteus_msgs/share/ament_index/resource_index/rosidl_interfaces/moteus_msgs
-- Installing: /RoverFlake2/install/moteus_msgs/include/moteus_msgs/moteus_msgs
-- Installing: /RoverFlake2/install/moteus_msgs/include/moteus_msgs/moteus_msgs/msg
-- Installing: /RoverFlake2/install/moteus_msgs/include/moteus_msgs/moteus_msgs/msg/rosidl_generator_c__visibility_control.h
-- Installing: /RoverFlake2/install/moteus_msgs/include/moteus_msgs/moteus_msgs/msg/position_command.h
-- Installing: /RoverFlake2/install/moteus_msgs/include/moteus_msgs/moteus_msgs/msg/controller_state.h
-- Installing: /RoverFlake2/install/moteus_msgs/include/moteus_msgs/moteus_msgs/msg/detail
-- Installing: /RoverFlake2/install/moteus_msgs/include/moteus_msgs/moteus_msgs/msg/detail/controller_state__functions.c
-- Installing: /RoverFlake2/install/moteus_msgs/include/moteus_msgs/moteus_msgs/msg/detail/position_command__struct.h
-- Installing: /RoverFlake2/install/moteus_msgs/include/moteus_msgs/moteus_msgs/msg/detail/controller_state__functions.h
-- Installing: /RoverFlake2/install/moteus_msgs/include/moteus_msgs/moteus_msgs/msg/detail/position_command__type_support.h
-- Installing: /RoverFlake2/install/moteus_msgs/include/moteus_msgs/moteus_msgs/msg/detail/controller_state__type_support.h
-- Installing: /RoverFlake2/install/moteus_msgs/include/moteus_msgs/moteus_msgs/msg/detail/position_command__functions.c
-- Installing: /RoverFlake2/install/moteus_msgs/include/moteus_msgs/moteus_msgs/msg/detail/position_command__functions.h
-- Installing: /RoverFlake2/install/moteus_msgs/include/moteus_msgs/moteus_msgs/msg/detail/controller_state__struct.h
-- Installing: /RoverFlake2/install/moteus_msgs/share/moteus_msgs/environment/library_path.sh
-- Installing: /RoverFlake2/install/moteus_msgs/share/moteus_msgs/environment/library_path.dsv
-- Installing: /RoverFlake2/install/moteus_msgs/lib/libmoteus_msgs__rosidl_generator_c.so
-- Set runtime path of "/RoverFlake2/install/moteus_msgs/lib/libmoteus_msgs__rosidl_generator_c.so" to ""
-- Up-to-date: /RoverFlake2/install/moteus_msgs/include/moteus_msgs/moteus_msgs
-- Up-to-date: /RoverFlake2/install/moteus_msgs/include/moteus_msgs/moteus_msgs/msg
-- Installing: /RoverFlake2/install/moteus_msgs/include/moteus_msgs/moteus_msgs/msg/rosidl_typesupport_fastrtps_c__visibility_control.h
-- Up-to-date: /RoverFlake2/install/moteus_msgs/include/moteus_msgs/moteus_msgs/msg/detail
-- Installing: /RoverFlake2/install/moteus_msgs/include/moteus_msgs/moteus_msgs/msg/detail/controller_state__rosidl_typesupport_fastrtps_c.h
-- Installing: /RoverFlake2/install/moteus_msgs/include/moteus_msgs/moteus_msgs/msg/detail/position_command__rosidl_typesupport_fastrtps_c.h
-- Installing: /RoverFlake2/install/moteus_msgs/lib/libmoteus_msgs__rosidl_typesupport_fastrtps_c.so
-- Set runtime path of "/RoverFlake2/install/moteus_msgs/lib/libmoteus_msgs__rosidl_typesupport_fastrtps_c.so" to ""
-- Up-to-date: /RoverFlake2/install/moteus_msgs/include/moteus_msgs/moteus_msgs
-- Up-to-date: /RoverFlake2/install/moteus_msgs/include/moteus_msgs/moteus_msgs/msg
-- Installing: /RoverFlake2/install/moteus_msgs/include/moteus_msgs/moteus_msgs/msg/rosidl_typesupport_introspection_c__visibility_control.h
-- Up-to-date: /RoverFlake2/install/moteus_msgs/include/moteus_msgs/moteus_msgs/msg/detail
-- Installing: /RoverFlake2/install/moteus_msgs/include/moteus_msgs/moteus_msgs/msg/detail/position_command__type_support.c
-- Installing: /RoverFlake2/install/moteus_msgs/include/moteus_msgs/moteus_msgs/msg/detail/position_command__rosidl_typesupport_introspection_c.h
-- Installing: /RoverFlake2/install/moteus_msgs/include/moteus_msgs/moteus_msgs/msg/detail/controller_state__rosidl_typesupport_introspection_c.h
-- Installing: /RoverFlake2/install/moteus_msgs/include/moteus_msgs/moteus_msgs/msg/detail/controller_state__type_support.c
-- Installing: /RoverFlake2/install/moteus_msgs/lib/libmoteus_msgs__rosidl_typesupport_introspection_c.so
-- Set runtime path of "/RoverFlake2/install/moteus_msgs/lib/libmoteus_msgs__rosidl_typesupport_introspection_c.so" to ""
-- Installing: /RoverFlake2/install/moteus_msgs/lib/libmoteus_msgs__rosidl_typesupport_c.so
-- Set runtime path of "/RoverFlake2/install/moteus_msgs/lib/libmoteus_msgs__rosidl_typesupport_c.so" to ""
-- Up-to-date: /RoverFlake2/install/moteus_msgs/include/moteus_msgs/moteus_msgs
-- Up-to-date: /RoverFlake2/install/moteus_msgs/include/moteus_msgs/moteus_msgs/msg
-- Installing: /RoverFlake2/install/moteus_msgs/include/moteus_msgs/moteus_msgs/msg/rosidl_generator_cpp__visibility_control.hpp
-- Installing: /RoverFlake2/install/moteus_msgs/include/moteus_msgs/moteus_msgs/msg/controller_state.hpp
-- Installing: /RoverFlake2/install/moteus_msgs/include/moteus_msgs/moteus_msgs/msg/position_command.hpp
-- Up-to-date: /RoverFlake2/install/moteus_msgs/include/moteus_msgs/moteus_msgs/msg/detail
-- Installing: /RoverFlake2/install/moteus_msgs/include/moteus_msgs/moteus_msgs/msg/detail/position_command__traits.hpp
-- Installing: /RoverFlake2/install/moteus_msgs/include/moteus_msgs/moteus_msgs/msg/detail/position_command__type_support.hpp
-- Installing: /RoverFlake2/install/moteus_msgs/include/moteus_msgs/moteus_msgs/msg/detail/controller_state__traits.hpp
-- Installing: /RoverFlake2/install/moteus_msgs/include/moteus_msgs/moteus_msgs/msg/detail/controller_state__builder.hpp
-- Installing: /RoverFlake2/install/moteus_msgs/include/moteus_msgs/moteus_msgs/msg/detail/position_command__struct.hpp
-- Installing: /RoverFlake2/install/moteus_msgs/include/moteus_msgs/moteus_msgs/msg/detail/position_command__builder.hpp
-- Installing: /RoverFlake2/install/moteus_msgs/include/moteus_msgs/moteus_msgs/msg/detail/controller_state__type_support.hpp
-- Installing: /RoverFlake2/install/moteus_msgs/include/moteus_msgs/moteus_msgs/msg/detail/controller_state__struct.hpp
-- Up-to-date: /RoverFlake2/install/moteus_msgs/include/moteus_msgs/moteus_msgs
-- Up-to-date: /RoverFlake2/install/moteus_msgs/include/moteus_msgs/moteus_msgs/msg
-- Installing: /RoverFlake2/install/moteus_msgs/include/moteus_msgs/moteus_msgs/msg/rosidl_typesupport_fastrtps_cpp__visibility_control.h
-- Up-to-date: /RoverFlake2/install/moteus_msgs/include/moteus_msgs/moteus_msgs/msg/detail
-- Installing: /RoverFlake2/install/moteus_msgs/include/moteus_msgs/moteus_msgs/msg/detail/position_command__rosidl_typesupport_fastrtps_cpp.hpp
-- Installing: /RoverFlake2/install/moteus_msgs/include/moteus_msgs/moteus_msgs/msg/detail/controller_state__rosidl_typesupport_fastrtps_cpp.hpp
-- Installing: /RoverFlake2/install/moteus_msgs/include/moteus_msgs/moteus_msgs/msg/detail/dds_fastrtps
-- Installing: /RoverFlake2/install/moteus_msgs/lib/libmoteus_msgs__rosidl_typesupport_fastrtps_cpp.so
-- Set runtime path of "/RoverFlake2/install/moteus_msgs/lib/libmoteus_msgs__rosidl_typesupport_fastrtps_cpp.so" to ""
-- Up-to-date: /RoverFlake2/install/moteus_msgs/include/moteus_msgs/moteus_msgs
-- Up-to-date: /RoverFlake2/install/moteus_msgs/include/moteus_msgs/moteus_msgs/msg
-- Up-to-date: /RoverFlake2/install/moteus_msgs/include/moteus_msgs/moteus_msgs/msg/detail
-- Installing: /RoverFlake2/install/moteus_msgs/include/moteus_msgs/moteus_msgs/msg/detail/position_command__type_support.cpp
-- Installing: /RoverFlake2/install/moteus_msgs/include/moteus_msgs/moteus_msgs/msg/detail/controller_state__type_support.cpp
-- Installing: /RoverFlake2/install/moteus_msgs/include/moteus_msgs/moteus_msgs/msg/detail/position_command__rosidl_typesupport_introspection_cpp.hpp
-- Installing: /RoverFlake2/install/moteus_msgs/include/moteus_msgs/moteus_msgs/msg/detail/controller_state__rosidl_typesupport_introspection_cpp.hpp
-- Installing: /RoverFlake2/install/moteus_msgs/lib/libmoteus_msgs__rosidl_typesupport_introspection_cpp.so
-- Set runtime path of "/RoverFlake2/install/moteus_msgs/lib/libmoteus_msgs__rosidl_typesupport_introspection_cpp.so" to ""
-- Installing: /RoverFlake2/install/moteus_msgs/lib/libmoteus_msgs__rosidl_typesupport_cpp.so
-- Set runtime path of "/RoverFlake2/install/moteus_msgs/lib/libmoteus_msgs__rosidl_typesupport_cpp.so" to ""
-- Installing: /RoverFlake2/install/moteus_msgs/share/moteus_msgs/environment/pythonpath.sh
-- Installing: /RoverFlake2/install/moteus_msgs/share/moteus_msgs/environment/pythonpath.dsv
-- Installing: /RoverFlake2/install/moteus_msgs/local/lib/python3.10/dist-packages/moteus_msgs-0.0.0-py3.10.egg-info
-- Installing: /RoverFlake2/install/moteus_msgs/local/lib/python3.10/dist-packages/moteus_msgs-0.0.0-py3.10.egg-info/top_level.txt
-- Installing: /RoverFlake2/install/moteus_msgs/local/lib/python3.10/dist-packages/moteus_msgs-0.0.0-py3.10.egg-info/dependency_links.txt
-- Installing: /RoverFlake2/install/moteus_msgs/local/lib/python3.10/dist-packages/moteus_msgs-0.0.0-py3.10.egg-info/PKG-INFO
-- Installing: /RoverFlake2/install/moteus_msgs/local/lib/python3.10/dist-packages/moteus_msgs-0.0.0-py3.10.egg-info/SOURCES.txt
-- Installing: /RoverFlake2/install/moteus_msgs/local/lib/python3.10/dist-packages/moteus_msgs
-- Installing: /RoverFlake2/install/moteus_msgs/local/lib/python3.10/dist-packages/moteus_msgs/libmoteus_msgs__rosidl_generator_py.so
-- Installing: /RoverFlake2/install/moteus_msgs/local/lib/python3.10/dist-packages/moteus_msgs/msg
-- Installing: /RoverFlake2/install/moteus_msgs/local/lib/python3.10/dist-packages/moteus_msgs/msg/_position_command.py
-- Installing: /RoverFlake2/install/moteus_msgs/local/lib/python3.10/dist-packages/moteus_msgs/msg/_controller_state_s.c
-- Installing: /RoverFlake2/install/moteus_msgs/local/lib/python3.10/dist-packages/moteus_msgs/msg/_position_command_s.c
-- Installing: /RoverFlake2/install/moteus_msgs/local/lib/python3.10/dist-packages/moteus_msgs/msg/__init__.py
-- Installing: /RoverFlake2/install/moteus_msgs/local/lib/python3.10/dist-packages/moteus_msgs/msg/_controller_state.py
-- Installing: /RoverFlake2/install/moteus_msgs/local/lib/python3.10/dist-packages/moteus_msgs/__init__.py
-- Installing: /RoverFlake2/install/moteus_msgs/local/lib/python3.10/dist-packages/moteus_msgs/_moteus_msgs_s.ep.rosidl_typesupport_fastrtps_c.c
-- Installing: /RoverFlake2/install/moteus_msgs/local/lib/python3.10/dist-packages/moteus_msgs/moteus_msgs_s__rosidl_typesupport_introspection_c.cpython-310-x86_64-linux-gnu.so
-- Installing: /RoverFlake2/install/moteus_msgs/local/lib/python3.10/dist-packages/moteus_msgs/_moteus_msgs_s.ep.rosidl_typesupport_introspection_c.c
-- Installing: /RoverFlake2/install/moteus_msgs/local/lib/python3.10/dist-packages/moteus_msgs/_moteus_msgs_s.ep.rosidl_typesupport_c.c
-- Installing: /RoverFlake2/install/moteus_msgs/local/lib/python3.10/dist-packages/moteus_msgs/moteus_msgs_s__rosidl_typesupport_c.cpython-310-x86_64-linux-gnu.so
-- Installing: /RoverFlake2/install/moteus_msgs/local/lib/python3.10/dist-packages/moteus_msgs/moteus_msgs_s__rosidl_typesupport_fastrtps_c.cpython-310-x86_64-linux-gnu.so
Listing '/RoverFlake2/install/moteus_msgs/local/lib/python3.10/dist-packages/moteus_msgs'...
Compiling '/RoverFlake2/install/moteus_msgs/local/lib/python3.10/dist-packages/moteus_msgs/__init__.py'...
Listing '/RoverFlake2/install/moteus_msgs/local/lib/python3.10/dist-packages/moteus_msgs/msg'...
Compiling '/RoverFlake2/install/moteus_msgs/local/lib/python3.10/dist-packages/moteus_msgs/msg/__init__.py'...
Compiling '/RoverFlake2/install/moteus_msgs/local/lib/python3.10/dist-packages/moteus_msgs/msg/_controller_state.py'...
Compiling '/RoverFlake2/install/moteus_msgs/local/lib/python3.10/dist-packages/moteus_msgs/msg/_position_command.py'...
-- Installing: /RoverFlake2/install/moteus_msgs/local/lib/python3.10/dist-packages/moteus_msgs/moteus_msgs_s__rosidl_typesupport_fastrtps_c.cpython-310-x86_64-linux-gnu.so
-- Set runtime path of "/RoverFlake2/install/moteus_msgs/local/lib/python3.10/dist-packages/moteus_msgs/moteus_msgs_s__rosidl_typesupport_fastrtps_c.cpython-310-x86_64-linux-gnu.so" to ""
-- Installing: /RoverFlake2/install/moteus_msgs/local/lib/python3.10/dist-packages/moteus_msgs/moteus_msgs_s__rosidl_typesupport_introspection_c.cpython-310-x86_64-linux-gnu.so
-- Set runtime path of "/RoverFlake2/install/moteus_msgs/local/lib/python3.10/dist-packages/moteus_msgs/moteus_msgs_s__rosidl_typesupport_introspection_c.cpython-310-x86_64-linux-gnu.so" to ""
-- Installing: /RoverFlake2/install/moteus_msgs/local/lib/python3.10/dist-packages/moteus_msgs/moteus_msgs_s__rosidl_typesupport_c.cpython-310-x86_64-linux-gnu.so
-- Set runtime path of "/RoverFlake2/install/moteus_msgs/local/lib/python3.10/dist-packages/moteus_msgs/moteus_msgs_s__rosidl_typesupport_c.cpython-310-x86_64-linux-gnu.so" to ""
-- Installing: /RoverFlake2/install/moteus_msgs/lib/libmoteus_msgs__rosidl_generator_py.so
-- Set runtime path of "/RoverFlake2/install/moteus_msgs/lib/libmoteus_msgs__rosidl_generator_py.so" to ""
-- Installing: /RoverFlake2/install/moteus_msgs/share/moteus_msgs/msg/PositionCommand.idl
-- Installing: /RoverFlake2/install/moteus_msgs/share/moteus_msgs/msg/ControllerState.idl
-- Installing: /RoverFlake2/install/moteus_msgs/share/moteus_msgs/msg/PositionCommand.msg
-- Installing: /RoverFlake2/install/moteus_msgs/share/moteus_msgs/msg/ControllerState.msg
-- Installing: /RoverFlake2/install/moteus_msgs/share/ament_index/resource_index/package_run_dependencies/moteus_msgs
-- Installing: /RoverFlake2/install/moteus_msgs/share/ament_index/resource_index/parent_prefix_path/moteus_msgs
-- Installing: /RoverFlake2/install/moteus_msgs/share/moteus_msgs/environment/ament_prefix_path.sh
-- Installing: /RoverFlake2/install/moteus_msgs/share/moteus_msgs/environment/ament_prefix_path.dsv
-- Installing: /RoverFlake2/install/moteus_msgs/share/moteus_msgs/environment/path.sh
-- Installing: /RoverFlake2/install/moteus_msgs/share/moteus_msgs/environment/path.dsv
-- Installing: /RoverFlake2/install/moteus_msgs/share/moteus_msgs/local_setup.bash
-- Installing: /RoverFlake2/install/moteus_msgs/share/moteus_msgs/local_setup.sh
-- Installing: /RoverFlake2/install/moteus_msgs/share/moteus_msgs/local_setup.zsh
-- Installing: /RoverFlake2/install/moteus_msgs/share/moteus_msgs/local_setup.dsv
-- Installing: /RoverFlake2/install/moteus_msgs/share/moteus_msgs/package.dsv
-- Installing: /RoverFlake2/install/moteus_msgs/share/ament_index/resource_index/packages/moteus_msgs
-- Installing: /RoverFlake2/install/moteus_msgs/share/moteus_msgs/cmake/export_moteus_msgs__rosidl_generator_cExport.cmake
-- Installing: /RoverFlake2/install/moteus_msgs/share/moteus_msgs/cmake/export_moteus_msgs__rosidl_generator_cExport-noconfig.cmake
-- Installing: /RoverFlake2/install/moteus_msgs/share/moteus_msgs/cmake/export_moteus_msgs__rosidl_typesupport_fastrtps_cExport.cmake
-- Installing: /RoverFlake2/install/moteus_msgs/share/moteus_msgs/cmake/export_moteus_msgs__rosidl_typesupport_fastrtps_cExport-noconfig.cmake
-- Installing: /RoverFlake2/install/moteus_msgs/share/moteus_msgs/cmake/moteus_msgs__rosidl_typesupport_introspection_cExport.cmake
-- Installing: /RoverFlake2/install/moteus_msgs/share/moteus_msgs/cmake/moteus_msgs__rosidl_typesupport_introspection_cExport-noconfig.cmake
-- Installing: /RoverFlake2/install/moteus_msgs/share/moteus_msgs/cmake/moteus_msgs__rosidl_typesupport_cExport.cmake
-- Installing: /RoverFlake2/install/moteus_msgs/share/moteus_msgs/cmake/moteus_msgs__rosidl_typesupport_cExport-noconfig.cmake
-- Installing: /RoverFlake2/install/moteus_msgs/share/moteus_msgs/cmake/export_moteus_msgs__rosidl_generator_cppExport.cmake
-- Installing: /RoverFlake2/install/moteus_msgs/share/moteus_msgs/cmake/export_moteus_msgs__rosidl_typesupport_fastrtps_cppExport.cmake
-- Installing: /RoverFlake2/install/moteus_msgs/share/moteus_msgs/cmake/export_moteus_msgs__rosidl_typesupport_fastrtps_cppExport-noconfig.cmake
-- Installing: /RoverFlake2/install/moteus_msgs/share/moteus_msgs/cmake/moteus_msgs__rosidl_typesupport_introspection_cppExport.cmake
-- Installing: /RoverFlake2/install/moteus_msgs/share/moteus_msgs/cmake/moteus_msgs__rosidl_typesupport_introspection_cppExport-noconfig.cmake
-- Installing: /RoverFlake2/install/moteus_msgs/share/moteus_msgs/cmake/moteus_msgs__rosidl_typesupport_cppExport.cmake
-- Installing: /RoverFlake2/install/moteus_msgs/share/moteus_msgs/cmake/moteus_msgs__rosidl_typesupport_cppExport-noconfig.cmake
-- Installing: /RoverFlake2/install/moteus_msgs/share/moteus_msgs/cmake/export_moteus_msgs__rosidl_generator_pyExport.cmake
-- Installing: /RoverFlake2/install/moteus_msgs/share/moteus_msgs/cmake/export_moteus_msgs__rosidl_generator_pyExport-noconfig.cmake
-- Installing: /RoverFlake2/install/moteus_msgs/share/moteus_msgs/cmake/rosidl_cmake-extras.cmake
-- Installing: /RoverFlake2/install/moteus_msgs/share/moteus_msgs/cmake/ament_cmake_export_include_directories-extras.cmake
-- Installing: /RoverFlake2/install/moteus_msgs/share/moteus_msgs/cmake/ament_cmake_export_libraries-extras.cmake
-- Installing: /RoverFlake2/install/moteus_msgs/share/moteus_msgs/cmake/ament_cmake_export_targets-extras.cmake
-- Installing: /RoverFlake2/install/moteus_msgs/share/moteus_msgs/cmake/rosidl_cmake_export_typesupport_targets-extras.cmake
-- Installing: /RoverFlake2/install/moteus_msgs/share/moteus_msgs/cmake/ament_cmake_export_dependencies-extras.cmake
-- Installing: /RoverFlake2/install/moteus_msgs/share/moteus_msgs/cmake/rosidl_cmake_export_typesupport_libraries-extras.cmake
-- Installing: /RoverFlake2/install/moteus_msgs/share/moteus_msgs/cmake/moteus_msgsConfig.cmake
-- Installing: /RoverFlake2/install/moteus_msgs/share/moteus_msgs/cmake/moteus_msgsConfig-version.cmake
-- Installing: /RoverFlake2/install/moteus_msgs/share/moteus_msgs/package.xml
