[0.010s] Invoking command in '/RoverFlake2/build/moteus_msgs': CMAKE_PREFIX_PATH=/opt/ros/humble /usr/bin/cmake /RoverFlake2/src/external_pkgs/moteus_ros2/src/moteus_msgs -DCMAKE_INSTALL_PREFIX=/RoverFlake2/install/moteus_msgs
[0.153s] -- The C compiler identification is GNU 11.4.0
[0.153s] -- The CXX compiler identification is GNU 11.4.0
[0.153s] -- Detecting C compiler ABI info
[0.163s] -- Detecting C compiler ABI info - done
[0.167s] -- Check for working C compiler: /usr/bin/cc - skipped
[0.167s] -- Detecting C compile features
[0.168s] -- Detecting C compile features - done
[0.170s] -- Detecting CXX compiler ABI info
[0.231s] -- Detecting CXX compiler ABI info - done
[0.235s] -- Check for working CXX compiler: /usr/bin/c++ - skipped
[0.236s] -- Detecting CXX compile features
[0.236s] -- Detecting CXX compile features - done
[0.239s] -- Found ament_cmake: 1.3.12 (/opt/ros/humble/share/ament_cmake/cmake)
[0.343s] -- Found Python3: /usr/bin/python3 (found version "3.10.12") found components: Interpreter 
[0.414s] -- Found rosidl_default_generators: 1.2.0 (/opt/ros/humble/share/rosidl_default_generators/cmake)
[0.416s] -- Using all available rosidl_typesupport_c: rosidl_typesupport_fastrtps_c;rosidl_typesupport_introspection_c
[0.422s] -- Found rosidl_adapter: 3.1.7 (/opt/ros/humble/share/rosidl_adapter/cmake)
[0.452s] -- Using all available rosidl_typesupport_cpp: rosidl_typesupport_fastrtps_cpp;rosidl_typesupport_introspection_cpp
[0.665s] -- Found ament_cmake_ros: 0.10.0 (/opt/ros/humble/share/ament_cmake_ros/cmake)
[0.808s] -- Using all available rosidl_typesupport_c: rosidl_typesupport_fastrtps_c;rosidl_typesupport_introspection_c
[0.986s] -- Using all available rosidl_typesupport_cpp: rosidl_typesupport_fastrtps_cpp;rosidl_typesupport_introspection_cpp
[1.005s] -- Found PythonInterp: /usr/bin/python3 (found suitable version "3.10.12", minimum required is "3.6") 
[1.007s] -- Found python_cmake_module: 0.10.0 (/opt/ros/humble/share/python_cmake_module/cmake)
[1.028s] -- Found PythonLibs: /usr/lib/x86_64-linux-gnu/libpython3.10.so (found suitable version "3.10.12", minimum required is "3.5") 
[1.028s] -- Using PYTHON_EXECUTABLE: /usr/bin/python3
[1.028s] -- Using PYTHON_INCLUDE_DIRS: /usr/include/python3.10
[1.028s] -- Using PYTHON_LIBRARIES: /usr/lib/x86_64-linux-gnu/libpython3.10.so
[1.043s] -- Found PythonExtra: .so  
[1.067s] -- Found ament_lint_auto: 0.12.14 (/opt/ros/humble/share/ament_lint_auto/cmake)
[1.083s] -- Added test 'lint_cmake' to check CMake code style
[1.084s] -- Added test 'xmllint' to check XML markup files
[1.086s] -- Configuring done
[1.109s] -- Generating done
[1.117s] -- Build files have been written to: /RoverFlake2/build/moteus_msgs
[1.124s] Invoked command in '/RoverFlake2/build/moteus_msgs' returned '0': CMAKE_PREFIX_PATH=/opt/ros/humble /usr/bin/cmake /RoverFlake2/src/external_pkgs/moteus_ros2/src/moteus_msgs -DCMAKE_INSTALL_PREFIX=/RoverFlake2/install/moteus_msgs
[1.125s] Invoking command in '/RoverFlake2/build/moteus_msgs': CMAKE_PREFIX_PATH=/opt/ros/humble /usr/bin/cmake --build /RoverFlake2/build/moteus_msgs -- -j16 -l16
[1.160s] [  2%] [34m[1mGenerating C code for ROS interfaces[0m
[1.168s] [  5%] [34m[1mGenerating C++ code for ROS interfaces[0m
[1.176s] [  5%] Built target ament_cmake_python_copy_moteus_msgs
[1.317s] running egg_info
[1.317s] creating moteus_msgs.egg-info
[1.317s] writing moteus_msgs.egg-info/PKG-INFO
[1.317s] writing dependency_links to moteus_msgs.egg-info/dependency_links.txt
[1.318s] writing top-level names to moteus_msgs.egg-info/top_level.txt
[1.318s] writing manifest file 'moteus_msgs.egg-info/SOURCES.txt'
[1.319s] reading manifest file 'moteus_msgs.egg-info/SOURCES.txt'
[1.319s] writing manifest file 'moteus_msgs.egg-info/SOURCES.txt'
[1.352s] [  5%] Built target ament_cmake_python_build_moteus_msgs_egg
[1.378s] [ 10%] [32mBuilding C object CMakeFiles/moteus_msgs__rosidl_generator_c.dir/rosidl_generator_c/moteus_msgs/msg/detail/position_command__functions.c.o[0m
[1.378s] [ 10%] [32mBuilding C object CMakeFiles/moteus_msgs__rosidl_generator_c.dir/rosidl_generator_c/moteus_msgs/msg/detail/controller_state__functions.c.o[0m
[1.379s] [ 10%] Built target moteus_msgs__cpp
[1.387s] [ 17%] [34m[1mGenerating C++ introspection for ROS interfaces[0m
[1.387s] [ 17%] [34m[1mGenerating C++ type support dispatch for ROS interfaces[0m
[1.388s] [ 17%] [34m[1mGenerating C++ type support for eProsima Fast-RTPS[0m
[1.415s] [ 20%] [32m[1mLinking C shared library libmoteus_msgs__rosidl_generator_c.so[0m
[1.445s] [ 20%] Built target moteus_msgs__rosidl_generator_c
[1.455s] [ 25%] [34m[1mGenerating C introspection for ROS interfaces[0m
[1.455s] [ 25%] [34m[1mGenerating C type support dispatch for ROS interfaces[0m
[1.455s] [ 28%] [34m[1mGenerating C type support for eProsima Fast-RTPS[0m
[1.576s] [ 33%] [32mBuilding CXX object CMakeFiles/moteus_msgs__rosidl_typesupport_cpp.dir/rosidl_typesupport_cpp/moteus_msgs/msg/controller_state__type_support.cpp.o[0m
[1.576s] [ 33%] [32mBuilding CXX object CMakeFiles/moteus_msgs__rosidl_typesupport_cpp.dir/rosidl_typesupport_cpp/moteus_msgs/msg/position_command__type_support.cpp.o[0m
[1.591s] [ 38%] [32mBuilding CXX object CMakeFiles/moteus_msgs__rosidl_typesupport_introspection_cpp.dir/rosidl_typesupport_introspection_cpp/moteus_msgs/msg/detail/controller_state__type_support.cpp.o[0m
[1.591s] [ 38%] [32mBuilding CXX object CMakeFiles/moteus_msgs__rosidl_typesupport_introspection_cpp.dir/rosidl_typesupport_introspection_cpp/moteus_msgs/msg/detail/position_command__type_support.cpp.o[0m
[1.610s] [ 41%] [32mBuilding CXX object CMakeFiles/moteus_msgs__rosidl_typesupport_fastrtps_cpp.dir/rosidl_typesupport_fastrtps_cpp/moteus_msgs/msg/detail/dds_fastrtps/position_command__type_support.cpp.o[0m
[1.610s] [ 43%] [32mBuilding CXX object CMakeFiles/moteus_msgs__rosidl_typesupport_fastrtps_cpp.dir/rosidl_typesupport_fastrtps_cpp/moteus_msgs/msg/detail/dds_fastrtps/controller_state__type_support.cpp.o[0m
[1.639s] [ 48%] [32mBuilding CXX object CMakeFiles/moteus_msgs__rosidl_typesupport_c.dir/rosidl_typesupport_c/moteus_msgs/msg/position_command__type_support.cpp.o[0m
[1.639s] [ 48%] [32mBuilding CXX object CMakeFiles/moteus_msgs__rosidl_typesupport_c.dir/rosidl_typesupport_c/moteus_msgs/msg/controller_state__type_support.cpp.o[0m
[1.667s] [ 51%] [32m[1mLinking CXX shared library libmoteus_msgs__rosidl_typesupport_c.so[0m
[1.670s] [ 53%] [32mBuilding CXX object CMakeFiles/moteus_msgs__rosidl_typesupport_fastrtps_c.dir/rosidl_typesupport_fastrtps_c/moteus_msgs/msg/detail/position_command__type_support_c.cpp.o[0m
[1.670s] [ 56%] [32mBuilding CXX object CMakeFiles/moteus_msgs__rosidl_typesupport_fastrtps_c.dir/rosidl_typesupport_fastrtps_c/moteus_msgs/msg/detail/controller_state__type_support_c.cpp.o[0m
[1.671s] [ 58%] [32mBuilding C object CMakeFiles/moteus_msgs__rosidl_typesupport_introspection_c.dir/rosidl_typesupport_introspection_c/moteus_msgs/msg/detail/position_command__type_support.c.o[0m
[1.672s] [ 61%] [32mBuilding C object CMakeFiles/moteus_msgs__rosidl_typesupport_introspection_c.dir/rosidl_typesupport_introspection_c/moteus_msgs/msg/detail/controller_state__type_support.c.o[0m
[1.707s] [ 61%] Built target moteus_msgs__rosidl_typesupport_c
[1.728s] [ 64%] [32m[1mLinking C shared library libmoteus_msgs__rosidl_typesupport_introspection_c.so[0m
[1.762s] [ 64%] Built target moteus_msgs__rosidl_typesupport_introspection_c
[1.776s] [ 66%] [32m[1mLinking CXX shared library libmoteus_msgs__rosidl_typesupport_cpp.so[0m
[1.809s] [ 66%] Built target moteus_msgs__rosidl_typesupport_cpp
[1.895s] [ 69%] [32m[1mLinking CXX shared library libmoteus_msgs__rosidl_typesupport_introspection_cpp.so[0m
[1.901s] [ 71%] [32m[1mLinking CXX shared library libmoteus_msgs__rosidl_typesupport_fastrtps_c.so[0m
[1.907s] [ 74%] [32m[1mLinking CXX shared library libmoteus_msgs__rosidl_typesupport_fastrtps_cpp.so[0m
[1.962s] [ 74%] Built target moteus_msgs__rosidl_typesupport_introspection_cpp
[1.969s] [ 74%] Built target moteus_msgs__rosidl_typesupport_fastrtps_c
[1.970s] [ 74%] Built target moteus_msgs__rosidl_typesupport_fastrtps_cpp
[1.986s] [ 74%] Built target moteus_msgs
[2.002s] [ 76%] [34m[1mGenerating Python code for ROS interfaces[0m
[2.266s] [ 76%] Built target moteus_msgs__py
[2.283s] [ 82%] [32mBuilding C object CMakeFiles/moteus_msgs__rosidl_generator_py.dir/rosidl_generator_py/moteus_msgs/msg/_position_command_s.c.o[0m
[2.283s] [ 82%] [32mBuilding C object CMakeFiles/moteus_msgs__rosidl_generator_py.dir/rosidl_generator_py/moteus_msgs/msg/_controller_state_s.c.o[0m
[2.376s] [ 84%] [32m[1mLinking C shared library rosidl_generator_py/moteus_msgs/libmoteus_msgs__rosidl_generator_py.so[0m
[2.408s] [ 84%] Built target moteus_msgs__rosidl_generator_py
[2.422s] [ 89%] [32mBuilding C object CMakeFiles/moteus_msgs__rosidl_typesupport_fastrtps_c__pyext.dir/rosidl_generator_py/moteus_msgs/_moteus_msgs_s.ep.rosidl_typesupport_fastrtps_c.c.o[0m
[2.422s] [ 89%] [32mBuilding C object CMakeFiles/moteus_msgs__rosidl_typesupport_c__pyext.dir/rosidl_generator_py/moteus_msgs/_moteus_msgs_s.ep.rosidl_typesupport_c.c.o[0m
[2.424s] [ 92%] [32mBuilding C object CMakeFiles/moteus_msgs__rosidl_typesupport_introspection_c__pyext.dir/rosidl_generator_py/moteus_msgs/_moteus_msgs_s.ep.rosidl_typesupport_introspection_c.c.o[0m
[2.480s] [ 94%] [32m[1mLinking C shared library rosidl_generator_py/moteus_msgs/moteus_msgs_s__rosidl_typesupport_c.cpython-310-x86_64-linux-gnu.so[0m
[2.483s] [100%] [32m[1mLinking C shared library rosidl_generator_py/moteus_msgs/moteus_msgs_s__rosidl_typesupport_fastrtps_c.cpython-310-x86_64-linux-gnu.so[0m
[2.483s] [100%] [32m[1mLinking C shared library rosidl_generator_py/moteus_msgs/moteus_msgs_s__rosidl_typesupport_introspection_c.cpython-310-x86_64-linux-gnu.so[0m
[2.506s] [100%] Built target moteus_msgs__rosidl_typesupport_c__pyext
[2.506s] [100%] Built target moteus_msgs__rosidl_typesupport_introspection_c__pyext
[2.507s] [100%] Built target moteus_msgs__rosidl_typesupport_fastrtps_c__pyext
[2.516s] Invoked command in '/RoverFlake2/build/moteus_msgs' returned '0': CMAKE_PREFIX_PATH=/opt/ros/humble /usr/bin/cmake --build /RoverFlake2/build/moteus_msgs -- -j16 -l16
[2.518s] Invoking command in '/RoverFlake2/build/moteus_msgs': CMAKE_PREFIX_PATH=/opt/ros/humble /usr/bin/cmake --install /RoverFlake2/build/moteus_msgs
[2.523s] -- Install configuration: ""
[2.523s] -- Installing: /RoverFlake2/install/moteus_msgs/share/ament_index/resource_index/rosidl_interfaces/moteus_msgs
[2.523s] -- Installing: /RoverFlake2/install/moteus_msgs/include/moteus_msgs/moteus_msgs
[2.523s] -- Installing: /RoverFlake2/install/moteus_msgs/include/moteus_msgs/moteus_msgs/msg
[2.523s] -- Installing: /RoverFlake2/install/moteus_msgs/include/moteus_msgs/moteus_msgs/msg/rosidl_generator_c__visibility_control.h
[2.523s] -- Installing: /RoverFlake2/install/moteus_msgs/include/moteus_msgs/moteus_msgs/msg/position_command.h
[2.523s] -- Installing: /RoverFlake2/install/moteus_msgs/include/moteus_msgs/moteus_msgs/msg/controller_state.h
[2.523s] -- Installing: /RoverFlake2/install/moteus_msgs/include/moteus_msgs/moteus_msgs/msg/detail
[2.524s] -- Installing: /RoverFlake2/install/moteus_msgs/include/moteus_msgs/moteus_msgs/msg/detail/controller_state__functions.c
[2.524s] -- Installing: /RoverFlake2/install/moteus_msgs/include/moteus_msgs/moteus_msgs/msg/detail/position_command__struct.h
[2.524s] -- Installing: /RoverFlake2/install/moteus_msgs/include/moteus_msgs/moteus_msgs/msg/detail/controller_state__functions.h
[2.524s] -- Installing: /RoverFlake2/install/moteus_msgs/include/moteus_msgs/moteus_msgs/msg/detail/position_command__type_support.h
[2.524s] -- Installing: /RoverFlake2/install/moteus_msgs/include/moteus_msgs/moteus_msgs/msg/detail/controller_state__type_support.h
[2.524s] -- Installing: /RoverFlake2/install/moteus_msgs/include/moteus_msgs/moteus_msgs/msg/detail/position_command__functions.c
[2.524s] -- Installing: /RoverFlake2/install/moteus_msgs/include/moteus_msgs/moteus_msgs/msg/detail/position_command__functions.h
[2.524s] -- Installing: /RoverFlake2/install/moteus_msgs/include/moteus_msgs/moteus_msgs/msg/detail/controller_state__struct.h
[2.524s] -- Installing: /RoverFlake2/install/moteus_msgs/share/moteus_msgs/environment/library_path.sh
[2.524s] -- Installing: /RoverFlake2/install/moteus_msgs/share/moteus_msgs/environment/library_path.dsv
[2.524s] -- Installing: /RoverFlake2/install/moteus_msgs/lib/libmoteus_msgs__rosidl_generator_c.so
[2.525s] -- Set runtime path of "/RoverFlake2/install/moteus_msgs/lib/libmoteus_msgs__rosidl_generator_c.so" to ""
[2.525s] -- Up-to-date: /RoverFlake2/install/moteus_msgs/include/moteus_msgs/moteus_msgs
[2.525s] -- Up-to-date: /RoverFlake2/install/moteus_msgs/include/moteus_msgs/moteus_msgs/msg
[2.525s] -- Installing: /RoverFlake2/install/moteus_msgs/include/moteus_msgs/moteus_msgs/msg/rosidl_typesupport_fastrtps_c__visibility_control.h
[2.525s] -- Up-to-date: /RoverFlake2/install/moteus_msgs/include/moteus_msgs/moteus_msgs/msg/detail
[2.525s] -- Installing: /RoverFlake2/install/moteus_msgs/include/moteus_msgs/moteus_msgs/msg/detail/controller_state__rosidl_typesupport_fastrtps_c.h
[2.525s] -- Installing: /RoverFlake2/install/moteus_msgs/include/moteus_msgs/moteus_msgs/msg/detail/position_command__rosidl_typesupport_fastrtps_c.h
[2.525s] -- Installing: /RoverFlake2/install/moteus_msgs/lib/libmoteus_msgs__rosidl_typesupport_fastrtps_c.so
[2.526s] -- Set runtime path of "/RoverFlake2/install/moteus_msgs/lib/libmoteus_msgs__rosidl_typesupport_fastrtps_c.so" to ""
[2.526s] -- Up-to-date: /RoverFlake2/install/moteus_msgs/include/moteus_msgs/moteus_msgs
[2.526s] -- Up-to-date: /RoverFlake2/install/moteus_msgs/include/moteus_msgs/moteus_msgs/msg
[2.526s] -- Installing: /RoverFlake2/install/moteus_msgs/include/moteus_msgs/moteus_msgs/msg/rosidl_typesupport_introspection_c__visibility_control.h
[2.526s] -- Up-to-date: /RoverFlake2/install/moteus_msgs/include/moteus_msgs/moteus_msgs/msg/detail
[2.526s] -- Installing: /RoverFlake2/install/moteus_msgs/include/moteus_msgs/moteus_msgs/msg/detail/position_command__type_support.c
[2.526s] -- Installing: /RoverFlake2/install/moteus_msgs/include/moteus_msgs/moteus_msgs/msg/detail/position_command__rosidl_typesupport_introspection_c.h
[2.526s] -- Installing: /RoverFlake2/install/moteus_msgs/include/moteus_msgs/moteus_msgs/msg/detail/controller_state__rosidl_typesupport_introspection_c.h
[2.527s] -- Installing: /RoverFlake2/install/moteus_msgs/include/moteus_msgs/moteus_msgs/msg/detail/controller_state__type_support.c
[2.527s] -- Installing: /RoverFlake2/install/moteus_msgs/lib/libmoteus_msgs__rosidl_typesupport_introspection_c.so
[2.527s] -- Set runtime path of "/RoverFlake2/install/moteus_msgs/lib/libmoteus_msgs__rosidl_typesupport_introspection_c.so" to ""
[2.527s] -- Installing: /RoverFlake2/install/moteus_msgs/lib/libmoteus_msgs__rosidl_typesupport_c.so
[2.528s] -- Set runtime path of "/RoverFlake2/install/moteus_msgs/lib/libmoteus_msgs__rosidl_typesupport_c.so" to ""
[2.528s] -- Up-to-date: /RoverFlake2/install/moteus_msgs/include/moteus_msgs/moteus_msgs
[2.528s] -- Up-to-date: /RoverFlake2/install/moteus_msgs/include/moteus_msgs/moteus_msgs/msg
[2.528s] -- Installing: /RoverFlake2/install/moteus_msgs/include/moteus_msgs/moteus_msgs/msg/rosidl_generator_cpp__visibility_control.hpp
[2.528s] -- Installing: /RoverFlake2/install/moteus_msgs/include/moteus_msgs/moteus_msgs/msg/controller_state.hpp
[2.528s] -- Installing: /RoverFlake2/install/moteus_msgs/include/moteus_msgs/moteus_msgs/msg/position_command.hpp
[2.528s] -- Up-to-date: /RoverFlake2/install/moteus_msgs/include/moteus_msgs/moteus_msgs/msg/detail
[2.528s] -- Installing: /RoverFlake2/install/moteus_msgs/include/moteus_msgs/moteus_msgs/msg/detail/position_command__traits.hpp
[2.528s] -- Installing: /RoverFlake2/install/moteus_msgs/include/moteus_msgs/moteus_msgs/msg/detail/position_command__type_support.hpp
[2.528s] -- Installing: /RoverFlake2/install/moteus_msgs/include/moteus_msgs/moteus_msgs/msg/detail/controller_state__traits.hpp
[2.529s] -- Installing: /RoverFlake2/install/moteus_msgs/include/moteus_msgs/moteus_msgs/msg/detail/controller_state__builder.hpp
[2.529s] -- Installing: /RoverFlake2/install/moteus_msgs/include/moteus_msgs/moteus_msgs/msg/detail/position_command__struct.hpp
[2.529s] -- Installing: /RoverFlake2/install/moteus_msgs/include/moteus_msgs/moteus_msgs/msg/detail/position_command__builder.hpp
[2.529s] -- Installing: /RoverFlake2/install/moteus_msgs/include/moteus_msgs/moteus_msgs/msg/detail/controller_state__type_support.hpp
[2.529s] -- Installing: /RoverFlake2/install/moteus_msgs/include/moteus_msgs/moteus_msgs/msg/detail/controller_state__struct.hpp
[2.529s] -- Up-to-date: /RoverFlake2/install/moteus_msgs/include/moteus_msgs/moteus_msgs
[2.529s] -- Up-to-date: /RoverFlake2/install/moteus_msgs/include/moteus_msgs/moteus_msgs/msg
[2.529s] -- Installing: /RoverFlake2/install/moteus_msgs/include/moteus_msgs/moteus_msgs/msg/rosidl_typesupport_fastrtps_cpp__visibility_control.h
[2.529s] -- Up-to-date: /RoverFlake2/install/moteus_msgs/include/moteus_msgs/moteus_msgs/msg/detail
[2.529s] -- Installing: /RoverFlake2/install/moteus_msgs/include/moteus_msgs/moteus_msgs/msg/detail/position_command__rosidl_typesupport_fastrtps_cpp.hpp
[2.529s] -- Installing: /RoverFlake2/install/moteus_msgs/include/moteus_msgs/moteus_msgs/msg/detail/controller_state__rosidl_typesupport_fastrtps_cpp.hpp
[2.529s] -- Installing: /RoverFlake2/install/moteus_msgs/include/moteus_msgs/moteus_msgs/msg/detail/dds_fastrtps
[2.529s] -- Installing: /RoverFlake2/install/moteus_msgs/lib/libmoteus_msgs__rosidl_typesupport_fastrtps_cpp.so
[2.530s] -- Set runtime path of "/RoverFlake2/install/moteus_msgs/lib/libmoteus_msgs__rosidl_typesupport_fastrtps_cpp.so" to ""
[2.530s] -- Up-to-date: /RoverFlake2/install/moteus_msgs/include/moteus_msgs/moteus_msgs
[2.530s] -- Up-to-date: /RoverFlake2/install/moteus_msgs/include/moteus_msgs/moteus_msgs/msg
[2.530s] -- Up-to-date: /RoverFlake2/install/moteus_msgs/include/moteus_msgs/moteus_msgs/msg/detail
[2.530s] -- Installing: /RoverFlake2/install/moteus_msgs/include/moteus_msgs/moteus_msgs/msg/detail/position_command__type_support.cpp
[2.530s] -- Installing: /RoverFlake2/install/moteus_msgs/include/moteus_msgs/moteus_msgs/msg/detail/controller_state__type_support.cpp
[2.530s] -- Installing: /RoverFlake2/install/moteus_msgs/include/moteus_msgs/moteus_msgs/msg/detail/position_command__rosidl_typesupport_introspection_cpp.hpp
[2.530s] -- Installing: /RoverFlake2/install/moteus_msgs/include/moteus_msgs/moteus_msgs/msg/detail/controller_state__rosidl_typesupport_introspection_cpp.hpp
[2.530s] -- Installing: /RoverFlake2/install/moteus_msgs/lib/libmoteus_msgs__rosidl_typesupport_introspection_cpp.so
[2.531s] -- Set runtime path of "/RoverFlake2/install/moteus_msgs/lib/libmoteus_msgs__rosidl_typesupport_introspection_cpp.so" to ""
[2.531s] -- Installing: /RoverFlake2/install/moteus_msgs/lib/libmoteus_msgs__rosidl_typesupport_cpp.so
[2.531s] -- Set runtime path of "/RoverFlake2/install/moteus_msgs/lib/libmoteus_msgs__rosidl_typesupport_cpp.so" to ""
[2.531s] -- Installing: /RoverFlake2/install/moteus_msgs/share/moteus_msgs/environment/pythonpath.sh
[2.531s] -- Installing: /RoverFlake2/install/moteus_msgs/share/moteus_msgs/environment/pythonpath.dsv
[2.531s] -- Installing: /RoverFlake2/install/moteus_msgs/local/lib/python3.10/dist-packages/moteus_msgs-0.0.0-py3.10.egg-info
[2.531s] -- Installing: /RoverFlake2/install/moteus_msgs/local/lib/python3.10/dist-packages/moteus_msgs-0.0.0-py3.10.egg-info/top_level.txt
[2.531s] -- Installing: /RoverFlake2/install/moteus_msgs/local/lib/python3.10/dist-packages/moteus_msgs-0.0.0-py3.10.egg-info/dependency_links.txt
[2.531s] -- Installing: /RoverFlake2/install/moteus_msgs/local/lib/python3.10/dist-packages/moteus_msgs-0.0.0-py3.10.egg-info/PKG-INFO
[2.532s] -- Installing: /RoverFlake2/install/moteus_msgs/local/lib/python3.10/dist-packages/moteus_msgs-0.0.0-py3.10.egg-info/SOURCES.txt
[2.532s] -- Installing: /RoverFlake2/install/moteus_msgs/local/lib/python3.10/dist-packages/moteus_msgs
[2.532s] -- Installing: /RoverFlake2/install/moteus_msgs/local/lib/python3.10/dist-packages/moteus_msgs/libmoteus_msgs__rosidl_generator_py.so
[2.532s] -- Installing: /RoverFlake2/install/moteus_msgs/local/lib/python3.10/dist-packages/moteus_msgs/msg
[2.532s] -- Installing: /RoverFlake2/install/moteus_msgs/local/lib/python3.10/dist-packages/moteus_msgs/msg/_position_command.py
[2.532s] -- Installing: /RoverFlake2/install/moteus_msgs/local/lib/python3.10/dist-packages/moteus_msgs/msg/_controller_state_s.c
[2.532s] -- Installing: /RoverFlake2/install/moteus_msgs/local/lib/python3.10/dist-packages/moteus_msgs/msg/_position_command_s.c
[2.532s] -- Installing: /RoverFlake2/install/moteus_msgs/local/lib/python3.10/dist-packages/moteus_msgs/msg/__init__.py
[2.532s] -- Installing: /RoverFlake2/install/moteus_msgs/local/lib/python3.10/dist-packages/moteus_msgs/msg/_controller_state.py
[2.532s] -- Installing: /RoverFlake2/install/moteus_msgs/local/lib/python3.10/dist-packages/moteus_msgs/__init__.py
[2.532s] -- Installing: /RoverFlake2/install/moteus_msgs/local/lib/python3.10/dist-packages/moteus_msgs/_moteus_msgs_s.ep.rosidl_typesupport_fastrtps_c.c
[2.533s] -- Installing: /RoverFlake2/install/moteus_msgs/local/lib/python3.10/dist-packages/moteus_msgs/moteus_msgs_s__rosidl_typesupport_introspection_c.cpython-310-x86_64-linux-gnu.so
[2.533s] -- Installing: /RoverFlake2/install/moteus_msgs/local/lib/python3.10/dist-packages/moteus_msgs/_moteus_msgs_s.ep.rosidl_typesupport_introspection_c.c
[2.533s] -- Installing: /RoverFlake2/install/moteus_msgs/local/lib/python3.10/dist-packages/moteus_msgs/_moteus_msgs_s.ep.rosidl_typesupport_c.c
[2.533s] -- Installing: /RoverFlake2/install/moteus_msgs/local/lib/python3.10/dist-packages/moteus_msgs/moteus_msgs_s__rosidl_typesupport_c.cpython-310-x86_64-linux-gnu.so
[2.533s] -- Installing: /RoverFlake2/install/moteus_msgs/local/lib/python3.10/dist-packages/moteus_msgs/moteus_msgs_s__rosidl_typesupport_fastrtps_c.cpython-310-x86_64-linux-gnu.so
[2.558s] Listing '/RoverFlake2/install/moteus_msgs/local/lib/python3.10/dist-packages/moteus_msgs'...
[2.558s] Compiling '/RoverFlake2/install/moteus_msgs/local/lib/python3.10/dist-packages/moteus_msgs/__init__.py'...
[2.558s] Listing '/RoverFlake2/install/moteus_msgs/local/lib/python3.10/dist-packages/moteus_msgs/msg'...
[2.558s] Compiling '/RoverFlake2/install/moteus_msgs/local/lib/python3.10/dist-packages/moteus_msgs/msg/__init__.py'...
[2.559s] Compiling '/RoverFlake2/install/moteus_msgs/local/lib/python3.10/dist-packages/moteus_msgs/msg/_controller_state.py'...
[2.559s] Compiling '/RoverFlake2/install/moteus_msgs/local/lib/python3.10/dist-packages/moteus_msgs/msg/_position_command.py'...
[2.561s] -- Installing: /RoverFlake2/install/moteus_msgs/local/lib/python3.10/dist-packages/moteus_msgs/moteus_msgs_s__rosidl_typesupport_fastrtps_c.cpython-310-x86_64-linux-gnu.so
[2.562s] -- Set runtime path of "/RoverFlake2/install/moteus_msgs/local/lib/python3.10/dist-packages/moteus_msgs/moteus_msgs_s__rosidl_typesupport_fastrtps_c.cpython-310-x86_64-linux-gnu.so" to ""
[2.562s] -- Installing: /RoverFlake2/install/moteus_msgs/local/lib/python3.10/dist-packages/moteus_msgs/moteus_msgs_s__rosidl_typesupport_introspection_c.cpython-310-x86_64-linux-gnu.so
[2.562s] -- Set runtime path of "/RoverFlake2/install/moteus_msgs/local/lib/python3.10/dist-packages/moteus_msgs/moteus_msgs_s__rosidl_typesupport_introspection_c.cpython-310-x86_64-linux-gnu.so" to ""
[2.562s] -- Installing: /RoverFlake2/install/moteus_msgs/local/lib/python3.10/dist-packages/moteus_msgs/moteus_msgs_s__rosidl_typesupport_c.cpython-310-x86_64-linux-gnu.so
[2.562s] -- Set runtime path of "/RoverFlake2/install/moteus_msgs/local/lib/python3.10/dist-packages/moteus_msgs/moteus_msgs_s__rosidl_typesupport_c.cpython-310-x86_64-linux-gnu.so" to ""
[2.562s] -- Installing: /RoverFlake2/install/moteus_msgs/lib/libmoteus_msgs__rosidl_generator_py.so
[2.563s] -- Set runtime path of "/RoverFlake2/install/moteus_msgs/lib/libmoteus_msgs__rosidl_generator_py.so" to ""
[2.563s] -- Installing: /RoverFlake2/install/moteus_msgs/share/moteus_msgs/msg/PositionCommand.idl
[2.563s] -- Installing: /RoverFlake2/install/moteus_msgs/share/moteus_msgs/msg/ControllerState.idl
[2.563s] -- Installing: /RoverFlake2/install/moteus_msgs/share/moteus_msgs/msg/PositionCommand.msg
[2.563s] -- Installing: /RoverFlake2/install/moteus_msgs/share/moteus_msgs/msg/ControllerState.msg
[2.563s] -- Installing: /RoverFlake2/install/moteus_msgs/share/ament_index/resource_index/package_run_dependencies/moteus_msgs
[2.564s] -- Installing: /RoverFlake2/install/moteus_msgs/share/ament_index/resource_index/parent_prefix_path/moteus_msgs
[2.564s] -- Installing: /RoverFlake2/install/moteus_msgs/share/moteus_msgs/environment/ament_prefix_path.sh
[2.564s] -- Installing: /RoverFlake2/install/moteus_msgs/share/moteus_msgs/environment/ament_prefix_path.dsv
[2.564s] -- Installing: /RoverFlake2/install/moteus_msgs/share/moteus_msgs/environment/path.sh
[2.564s] -- Installing: /RoverFlake2/install/moteus_msgs/share/moteus_msgs/environment/path.dsv
[2.564s] -- Installing: /RoverFlake2/install/moteus_msgs/share/moteus_msgs/local_setup.bash
[2.564s] -- Installing: /RoverFlake2/install/moteus_msgs/share/moteus_msgs/local_setup.sh
[2.564s] -- Installing: /RoverFlake2/install/moteus_msgs/share/moteus_msgs/local_setup.zsh
[2.564s] -- Installing: /RoverFlake2/install/moteus_msgs/share/moteus_msgs/local_setup.dsv
[2.564s] -- Installing: /RoverFlake2/install/moteus_msgs/share/moteus_msgs/package.dsv
[2.564s] -- Installing: /RoverFlake2/install/moteus_msgs/share/ament_index/resource_index/packages/moteus_msgs
[2.565s] -- Installing: /RoverFlake2/install/moteus_msgs/share/moteus_msgs/cmake/export_moteus_msgs__rosidl_generator_cExport.cmake
[2.565s] -- Installing: /RoverFlake2/install/moteus_msgs/share/moteus_msgs/cmake/export_moteus_msgs__rosidl_generator_cExport-noconfig.cmake
[2.565s] -- Installing: /RoverFlake2/install/moteus_msgs/share/moteus_msgs/cmake/export_moteus_msgs__rosidl_typesupport_fastrtps_cExport.cmake
[2.565s] -- Installing: /RoverFlake2/install/moteus_msgs/share/moteus_msgs/cmake/export_moteus_msgs__rosidl_typesupport_fastrtps_cExport-noconfig.cmake
[2.565s] -- Installing: /RoverFlake2/install/moteus_msgs/share/moteus_msgs/cmake/moteus_msgs__rosidl_typesupport_introspection_cExport.cmake
[2.565s] -- Installing: /RoverFlake2/install/moteus_msgs/share/moteus_msgs/cmake/moteus_msgs__rosidl_typesupport_introspection_cExport-noconfig.cmake
[2.565s] -- Installing: /RoverFlake2/install/moteus_msgs/share/moteus_msgs/cmake/moteus_msgs__rosidl_typesupport_cExport.cmake
[2.565s] -- Installing: /RoverFlake2/install/moteus_msgs/share/moteus_msgs/cmake/moteus_msgs__rosidl_typesupport_cExport-noconfig.cmake
[2.565s] -- Installing: /RoverFlake2/install/moteus_msgs/share/moteus_msgs/cmake/export_moteus_msgs__rosidl_generator_cppExport.cmake
[2.565s] -- Installing: /RoverFlake2/install/moteus_msgs/share/moteus_msgs/cmake/export_moteus_msgs__rosidl_typesupport_fastrtps_cppExport.cmake
[2.566s] -- Installing: /RoverFlake2/install/moteus_msgs/share/moteus_msgs/cmake/export_moteus_msgs__rosidl_typesupport_fastrtps_cppExport-noconfig.cmake
[2.566s] -- Installing: /RoverFlake2/install/moteus_msgs/share/moteus_msgs/cmake/moteus_msgs__rosidl_typesupport_introspection_cppExport.cmake
[2.566s] -- Installing: /RoverFlake2/install/moteus_msgs/share/moteus_msgs/cmake/moteus_msgs__rosidl_typesupport_introspection_cppExport-noconfig.cmake
[2.566s] -- Installing: /RoverFlake2/install/moteus_msgs/share/moteus_msgs/cmake/moteus_msgs__rosidl_typesupport_cppExport.cmake
[2.566s] -- Installing: /RoverFlake2/install/moteus_msgs/share/moteus_msgs/cmake/moteus_msgs__rosidl_typesupport_cppExport-noconfig.cmake
[2.566s] -- Installing: /RoverFlake2/install/moteus_msgs/share/moteus_msgs/cmake/export_moteus_msgs__rosidl_generator_pyExport.cmake
[2.566s] -- Installing: /RoverFlake2/install/moteus_msgs/share/moteus_msgs/cmake/export_moteus_msgs__rosidl_generator_pyExport-noconfig.cmake
[2.566s] -- Installing: /RoverFlake2/install/moteus_msgs/share/moteus_msgs/cmake/rosidl_cmake-extras.cmake
[2.566s] -- Installing: /RoverFlake2/install/moteus_msgs/share/moteus_msgs/cmake/ament_cmake_export_include_directories-extras.cmake
[2.566s] -- Installing: /RoverFlake2/install/moteus_msgs/share/moteus_msgs/cmake/ament_cmake_export_libraries-extras.cmake
[2.566s] -- Installing: /RoverFlake2/install/moteus_msgs/share/moteus_msgs/cmake/ament_cmake_export_targets-extras.cmake
[2.566s] -- Installing: /RoverFlake2/install/moteus_msgs/share/moteus_msgs/cmake/rosidl_cmake_export_typesupport_targets-extras.cmake
[2.567s] -- Installing: /RoverFlake2/install/moteus_msgs/share/moteus_msgs/cmake/ament_cmake_export_dependencies-extras.cmake
[2.567s] -- Installing: /RoverFlake2/install/moteus_msgs/share/moteus_msgs/cmake/rosidl_cmake_export_typesupport_libraries-extras.cmake
[2.567s] -- Installing: /RoverFlake2/install/moteus_msgs/share/moteus_msgs/cmake/moteus_msgsConfig.cmake
[2.567s] -- Installing: /RoverFlake2/install/moteus_msgs/share/moteus_msgs/cmake/moteus_msgsConfig-version.cmake
[2.567s] -- Installing: /RoverFlake2/install/moteus_msgs/share/moteus_msgs/package.xml
[2.570s] Invoked command in '/RoverFlake2/build/moteus_msgs' returned '0': CMAKE_PREFIX_PATH=/opt/ros/humble /usr/bin/cmake --install /RoverFlake2/build/moteus_msgs
